"../../../Engine/Content/EditorResources/S_Actor.ubulk" 0
"../../../Engine/Content/EditorResources/S_Actor.uasset" 1
"../../../Engine/Content/EditorResources/S_Actor.uexp" 2
"../../../Engine/Content/EditorResources/S_BoxReflectionCapture.uasset" 3
"../../../Engine/Content/EditorResources/S_BoxReflectionCapture.uexp" 4
"../../../Engine/Content/EngineResources/DefaultTexture.ubulk" 5
"../../../Engine/Content/EngineResources/DefaultTexture.uasset" 6
"../../../Engine/Content/EngineResources/DefaultTexture.uexp" 7
"../../../Engine/Content/EngineResources/DefaultTextureCube.uasset" 8
"../../../Engine/Content/EngineResources/DefaultTextureCube.uexp" 9
"../../../Engine/Content/EngineResources/DefaultVolumeTexture2D.uasset" 10
"../../../Engine/Content/EngineResources/DefaultVolumeTexture2D.uexp" 11
"../../../Engine/Content/EngineResources/DefaultVolumeTexture.uasset" 12
"../../../Engine/Content/EngineResources/DefaultVolumeTexture.uexp" 13
"../../../Engine/Content/EditorResources/S_Trigger.ubulk" 14
"../../../Engine/Content/EditorResources/S_Trigger.uasset" 15
"../../../Engine/Content/EditorResources/S_Trigger.uexp" 16
"../../../Engine/Content/EditorResources/S_TriggerBox.uasset" 17
"../../../Engine/Content/EditorResources/S_TriggerBox.uexp" 18
"../../../Engine/Content/EditorResources/S_TriggerCapsule.uasset" 19
"../../../Engine/Content/EditorResources/S_TriggerCapsule.uexp" 20
"../../../Engine/Content/EditorResources/S_TriggerSphere.uasset" 21
"../../../Engine/Content/EditorResources/S_TriggerSphere.uexp" 22
"../../../Engine/Content/EngineMeshes/Sphere.ubulk" 23
"../../../Engine/Content/EngineMeshes/Sphere.uasset" 24
"../../../Engine/Content/EngineMeshes/Sphere.uexp" 25
"../../../Engine/Content/EngineResources/GradientTexture0.uasset" 26
"../../../Engine/Content/EngineResources/GradientTexture0.uexp" 27
"../../../Engine/Content/EngineResources/Black.uasset" 28
"../../../Engine/Content/EngineResources/Black.uexp" 29
"../../../Engine/Content/VREditor/LaserPointer/VR_LaserPower_01.ubulk" 30
"../../../Engine/Content/VREditor/LaserPointer/VR_LaserPower_01.uasset" 31
"../../../Engine/Content/VREditor/LaserPointer/VR_LaserPower_01.uexp" 32
"../../../Engine/Content/VREditor/TransformGizmo/TransformGizmoMaterial.uasset" 33
"../../../Engine/Content/VREditor/TransformGizmo/TransformGizmoMaterial.uexp" 34
"../../../Engine/Content/VREditor/TransformGizmo/TranslucentTransformGizmoMaterial.uasset" 35
"../../../Engine/Content/VREditor/TransformGizmo/TranslucentTransformGizmoMaterial.uexp" 36
"../../../Engine/Content/VREditor/TransformGizmo/PlaneTranslationHandle.ubulk" 37
"../../../Engine/Content/VREditor/TransformGizmo/PlaneTranslationHandle.uasset" 38
"../../../Engine/Content/VREditor/TransformGizmo/PlaneTranslationHandle.uexp" 39
"../../../Engine/Content/VREditor/TransformGizmo/BoundingBoxCorner.ubulk" 40
"../../../Engine/Content/VREditor/TransformGizmo/BoundingBoxCorner.uasset" 41
"../../../Engine/Content/VREditor/TransformGizmo/BoundingBoxCorner.uexp" 42
"../../../Engine/Content/VREditor/TransformGizmo/BoundingBoxEdge.ubulk" 43
"../../../Engine/Content/VREditor/TransformGizmo/BoundingBoxEdge.uasset" 44
"../../../Engine/Content/VREditor/TransformGizmo/BoundingBoxEdge.uexp" 45
"../../../Engine/Content/VREditor/TransformGizmo/Main.uasset" 46
"../../../Engine/Content/VREditor/TransformGizmo/Main.uexp" 47
"../../../Engine/Content/VREditor/TransformGizmo/Xray.uasset" 48
"../../../Engine/Content/VREditor/TransformGizmo/Xray.uexp" 49
"../../../Engine/Content/VREditor/TransformGizmo/SM_Sequencer_Node.ubulk" 50
"../../../Engine/Content/VREditor/TransformGizmo/SM_Sequencer_Node.uasset" 51
"../../../Engine/Content/VREditor/TransformGizmo/SM_Sequencer_Node.uexp" 52
"../../../Engine/Content/EditorMaterials/Camera/CineMat.uasset" 53
"../../../Engine/Content/EditorMaterials/Camera/CineMat.uexp" 54
"../../../Engine/Content/EditorMaterials/Camera/MI_CineMat_Rig.uasset" 55
"../../../Engine/Content/EditorMaterials/Camera/MI_CineMat_Rig.uexp" 56
"../../../Engine/Content/EditorMeshes/Camera/SM_CraneRig_Base.ubulk" 57
"../../../Engine/Content/EditorMeshes/Camera/SM_CraneRig_Base.uasset" 58
"../../../Engine/Content/EditorMeshes/Camera/SM_CraneRig_Base.uexp" 59
"../../../Engine/Content/EditorMeshes/Camera/SM_CraneRig_Arm.ubulk" 60
"../../../Engine/Content/EditorMeshes/Camera/SM_CraneRig_Arm.uasset" 61
"../../../Engine/Content/EditorMeshes/Camera/SM_CraneRig_Arm.uexp" 62
"../../../Engine/Content/EditorMeshes/Camera/SM_CraneRig_Mount.ubulk" 63
"../../../Engine/Content/EditorMeshes/Camera/SM_CraneRig_Mount.uasset" 64
"../../../Engine/Content/EditorMeshes/Camera/SM_CraneRig_Mount.uexp" 65
"../../../Engine/Content/EditorMeshes/Camera/SM_CraneRig_Body.ubulk" 66
"../../../Engine/Content/EditorMeshes/Camera/SM_CraneRig_Body.uasset" 67
"../../../Engine/Content/EditorMeshes/Camera/SM_CraneRig_Body.uexp" 68
"../../../Engine/Content/EditorMeshes/Camera/SM_RailRig_Track.ubulk" 69
"../../../Engine/Content/EditorMeshes/Camera/SM_RailRig_Track.uasset" 70
"../../../Engine/Content/EditorMeshes/Camera/SM_RailRig_Track.uexp" 71
"../../../Engine/Content/EditorMeshes/Camera/SM_RailRig_Mount.ubulk" 72
"../../../Engine/Content/EditorMeshes/Camera/SM_RailRig_Mount.uasset" 73
"../../../Engine/Content/EditorMeshes/Camera/SM_RailRig_Mount.uexp" 74
"../../../Engine/Content/EngineMaterials/T_Default_Material_Grid_M.ubulk" 75
"../../../Engine/Content/EngineMaterials/T_Default_Material_Grid_M.uasset" 76
"../../../Engine/Content/EngineMaterials/T_Default_Material_Grid_M.uexp" 77
"../../../Engine/Content/EngineMaterials/T_Default_Material_Grid_N.ubulk" 78
"../../../Engine/Content/EngineMaterials/T_Default_Material_Grid_N.uasset" 79
"../../../Engine/Content/EngineMaterials/T_Default_Material_Grid_N.uexp" 80
"../../../Engine/Content/Functions/Engine_MaterialFunctions01/Opacity/CameraDepthFade.uasset" 81
"../../../Engine/Content/Functions/Engine_MaterialFunctions01/Opacity/CameraDepthFade.uexp" 82
"../../../Engine/Content/EngineMaterials/WorldGridMaterial.uasset" 83
"../../../Engine/Content/EngineMaterials/WorldGridMaterial.uexp" 84
"../../../Engine/Content/ArtTools/RenderToTexture/Meshes/S_1_Unit_Plane.ubulk" 85
"../../../Engine/Content/ArtTools/RenderToTexture/Meshes/S_1_Unit_Plane.uasset" 86
"../../../Engine/Content/ArtTools/RenderToTexture/Meshes/S_1_Unit_Plane.uexp" 87
"../../../Engine/Content/EditorMaterials/ParticleSystems/PSysThumbnail_NoImage.ubulk" 88
"../../../Engine/Content/EditorMaterials/ParticleSystems/PSysThumbnail_NoImage.uasset" 89
"../../../Engine/Content/EditorMaterials/ParticleSystems/PSysThumbnail_NoImage.uexp" 90
"../../../Engine/Content/EditorMaterials/ParticleSystems/PSysThumbnail_OOD.ubulk" 91
"../../../Engine/Content/EditorMaterials/ParticleSystems/PSysThumbnail_OOD.uasset" 92
"../../../Engine/Content/EditorMaterials/ParticleSystems/PSysThumbnail_OOD.uexp" 93
"../../../Engine/Content/EditorLandscapeResources/SplineEditorMeshMat.uasset" 94
"../../../Engine/Content/EditorLandscapeResources/SplineEditorMeshMat.uexp" 95
"../../../Engine/Content/EditorLandscapeResources/SplineEditorMesh.ubulk" 96
"../../../Engine/Content/EditorLandscapeResources/SplineEditorMesh.uasset" 97
"../../../Engine/Content/EditorLandscapeResources/SplineEditorMesh.uexp" 98
"../../../Engine/Content/EditorResources/S_Solver.ubulk" 99
"../../../Engine/Content/EditorResources/S_Solver.uasset" 100
"../../../Engine/Content/EditorResources/S_Solver.uexp" 101
"../../../Engine/Plugins/Media/MediaPlate/Content/SM_MediaPlateScreen.ubulk" 102
"../../../Engine/Plugins/Media/MediaPlate/Content/SM_MediaPlateScreen.uasset" 103
"../../../Engine/Plugins/Media/MediaPlate/Content/SM_MediaPlateScreen.uexp" 104
"../../../Engine/Content/EngineMaterials/Good64x64TilingNoiseHighFreq.uasset" 105
"../../../Engine/Content/EngineMaterials/Good64x64TilingNoiseHighFreq.uexp" 106
"../../../Engine/Content/EngineMaterials/DefaultBokeh.uasset" 107
"../../../Engine/Content/EngineMaterials/DefaultBokeh.uexp" 108
"../../../Engine/Content/EngineMaterials/PreintegratedSkinBRDF.uasset" 109
"../../../Engine/Content/EngineMaterials/PreintegratedSkinBRDF.uexp" 110
"../../../Engine/Content/EngineMaterials/MiniFont.uasset" 111
"../../../Engine/Content/EngineMaterials/MiniFont.uexp" 112
"../../../Engine/Content/EngineMaterials/WeightMapPlaceholderTexture.uasset" 113
"../../../Engine/Content/EngineMaterials/WeightMapPlaceholderTexture.uexp" 114
"../../../Engine/Content/EngineMaterials/DefaultWhiteGrid.ubulk" 115
"../../../Engine/Content/EngineMaterials/DefaultWhiteGrid.uasset" 116
"../../../Engine/Content/EngineMaterials/DefaultWhiteGrid.uexp" 117
"../../../Engine/Content/BasicShapes/Cube.ubulk" 118
"../../../Engine/Content/BasicShapes/Cube.uasset" 119
"../../../Engine/Content/BasicShapes/Cube.uexp" 120
"D:/Unreal Projects/ManagementSim/Content/Blueprints/WorkNode/EWorkNodeConditions.uasset" 121
"D:/Unreal Projects/ManagementSim/Content/Blueprints/WorkNode/EWorkNodeConditions.uexp" 122
"D:/Unreal Projects/ManagementSim/Content/Blueprints/Workers/BPI_UnitActions.uasset" 123
"D:/Unreal Projects/ManagementSim/Content/Blueprints/Workers/BPI_UnitActions.uexp" 124
"D:/Unreal Projects/ManagementSim/Content/TopDown/Input/Actions/IA_SetDestination_Touch.uasset" 125
"D:/Unreal Projects/ManagementSim/Content/TopDown/Input/Actions/IA_SetDestination_Touch.uexp" 126
"D:/Unreal Projects/ManagementSim/Content/TopDown/Input/Actions/IA_SetDestination_Click.uasset" 127
"D:/Unreal Projects/ManagementSim/Content/TopDown/Input/Actions/IA_SetDestination_Click.uexp" 128
"../../../Engine/Plugins/FX/Niagara/Content/Enums/ENiagara_MassInitializationMode.uasset" 129
"../../../Engine/Plugins/FX/Niagara/Content/Enums/ENiagara_MassInitializationMode.uexp" 130
"../../../Engine/Plugins/FX/Niagara/Content/Enums/ENiagara_PositionInitializationMode.uasset" 131
"../../../Engine/Plugins/FX/Niagara/Content/Enums/ENiagara_PositionInitializationMode.uexp" 132
"../../../Engine/Plugins/FX/Niagara/Content/Icons/Modules/T_Icon_Solver_LimitSpeed.uasset" 133
"../../../Engine/Plugins/FX/Niagara/Content/Icons/Modules/T_Icon_Solver_LimitSpeed.uexp" 134
"../../../Engine/Plugins/FX/Niagara/Content/Icons/Modules/T_Icon_Solver_RotationalSolve.uasset" 135
"../../../Engine/Plugins/FX/Niagara/Content/Icons/Modules/T_Icon_Solver_RotationalSolve.uexp" 136
"../../../Engine/Plugins/FX/Niagara/Content/Icons/Modules/T_Icon_Solver_LimitAccel.uasset" 137
"../../../Engine/Plugins/FX/Niagara/Content/Icons/Modules/T_Icon_Solver_LimitAccel.uexp" 138
"../../../Engine/Plugins/FX/Niagara/Content/Enums/ENiagara_SizeScaleMode.uasset" 139
"../../../Engine/Plugins/FX/Niagara/Content/Enums/ENiagara_SizeScaleMode.uexp" 140
"../../../Engine/Plugins/FX/Niagara/Content/Enums/ENiagara_UVFlippingMode.uasset" 141
"../../../Engine/Plugins/FX/Niagara/Content/Enums/ENiagara_UVFlippingMode.uexp" 142
"D:/Unreal Projects/ManagementSim/Content/Cursor/T_Arrow.uasset" 143
"D:/Unreal Projects/ManagementSim/Content/Cursor/T_Arrow.uexp" 144
"../../../Engine/Content/Functions/Engine_MaterialFunctions02/Utility/BreakOutFloat2Components.uasset" 145
"../../../Engine/Content/Functions/Engine_MaterialFunctions02/Utility/BreakOutFloat2Components.uexp" 146
"D:/Unreal Projects/ManagementSim/Content/Cursor/M_Cursor.uasset" 147
"D:/Unreal Projects/ManagementSim/Content/Cursor/M_Cursor.uexp" 148
"D:/Unreal Projects/ManagementSim/Content/Cursor/SM_CursorMesh.ubulk" 149
"D:/Unreal Projects/ManagementSim/Content/Cursor/SM_CursorMesh.uasset" 150
"D:/Unreal Projects/ManagementSim/Content/Cursor/SM_CursorMesh.uexp" 151
"../../../Engine/Plugins/FX/Niagara/Content/Enums/ENiagaraRandomnessMode.uasset" 152
"../../../Engine/Plugins/FX/Niagara/Content/Enums/ENiagaraRandomnessMode.uexp" 153
"../../../Engine/Plugins/FX/Niagara/Content/Enums/ENiagaraRandomnessEvaluation.uasset" 154
"../../../Engine/Plugins/FX/Niagara/Content/Enums/ENiagaraRandomnessEvaluation.uexp" 155
"../../../Engine/Plugins/FX/Niagara/Content/Enums/Ribbons/ENiagara_UnsetDirectSetRandom.uasset" 156
"../../../Engine/Plugins/FX/Niagara/Content/Enums/Ribbons/ENiagara_UnsetDirectSetRandom.uexp" 157
"../../../Engine/Plugins/FX/Niagara/Content/Enums/ENiagara_LifetimeMode.uasset" 158
"../../../Engine/Plugins/FX/Niagara/Content/Enums/ENiagara_LifetimeMode.uexp" 159
"../../../Engine/Plugins/FX/Niagara/Content/Enums/Ribbons/ENiagara_UnsetDirectSet.uasset" 160
"../../../Engine/Plugins/FX/Niagara/Content/Enums/Ribbons/ENiagara_UnsetDirectSet.uexp" 161
"../../../Engine/Plugins/FX/Niagara/Content/Enums/ENiagara_SpriteRotationMode.uasset" 162
"../../../Engine/Plugins/FX/Niagara/Content/Enums/ENiagara_SpriteRotationMode.uexp" 163
"../../../Engine/Plugins/FX/Niagara/Content/Enums/ENiagara_ColorInitializationMode.uasset" 164
"../../../Engine/Plugins/FX/Niagara/Content/Enums/ENiagara_ColorInitializationMode.uexp" 165
"../../../Engine/Plugins/FX/Niagara/Content/Enums/ENiagaraChannelCorrelation.uasset" 166
"../../../Engine/Plugins/FX/Niagara/Content/Enums/ENiagaraChannelCorrelation.uexp" 167
"../../../Engine/Plugins/FX/Niagara/Content/Enums/ENiagaraEmitterLifeCycleMode.uasset" 168
"../../../Engine/Plugins/FX/Niagara/Content/Enums/ENiagaraEmitterLifeCycleMode.uexp" 169
"../../../Engine/Plugins/FX/Niagara/Content/Enums/ENiagara_InfiniteLoopDuration.uasset" 170
"../../../Engine/Plugins/FX/Niagara/Content/Enums/ENiagara_InfiniteLoopDuration.uexp" 171
"../../../Engine/Plugins/FX/Niagara/Content/Enums/ENiagara_EmitterStateOptions.uasset" 172
"../../../Engine/Plugins/FX/Niagara/Content/Enums/ENiagara_EmitterStateOptions.uexp" 173
"../../../Engine/Plugins/FX/Niagara/Content/Enums/ENiagaraInactiveMode.uasset" 174
"../../../Engine/Plugins/FX/Niagara/Content/Enums/ENiagaraInactiveMode.uexp" 175
"../../../Engine/Plugins/FX/Niagara/Content/Enums/ENiagaraExecutionStateManagement.uasset" 176
"../../../Engine/Plugins/FX/Niagara/Content/Enums/ENiagaraExecutionStateManagement.uexp" 177
"../../../Engine/Plugins/FX/Niagara/Content/Enums/ENiagaraEmitterScalabilityMode_Limited.uasset" 178
"../../../Engine/Plugins/FX/Niagara/Content/Enums/ENiagaraEmitterScalabilityMode_Limited.uexp" 179
"../../../Engine/Plugins/FX/Niagara/Content/Enums/ENiagaraSystemInactiveMode.uasset" 180
"../../../Engine/Plugins/FX/Niagara/Content/Enums/ENiagaraSystemInactiveMode.uexp" 181
"../../../Engine/Plugins/FX/Niagara/Content/Icons/Modules/T_Icon_Particle_InfiniteLife.uasset" 182
"../../../Engine/Plugins/FX/Niagara/Content/Icons/Modules/T_Icon_Particle_InfiniteLife.uexp" 183
"D:/Unreal Projects/ManagementSim/Content/Cursor/FX_Cursor.uasset" 184
"D:/Unreal Projects/ManagementSim/Content/Cursor/FX_Cursor.uexp" 185
"D:/Unreal Projects/ManagementSim/Content/Blueprints/Workers/BPI_SelectionActions.uasset" 186
"D:/Unreal Projects/ManagementSim/Content/Blueprints/Workers/BPI_SelectionActions.uexp" 187
"D:/Unreal Projects/ManagementSim/Content/TopDown/Input/Actions/IA_MouseXY.uasset" 188
"D:/Unreal Projects/ManagementSim/Content/TopDown/Input/Actions/IA_MouseXY.uexp" 189
"D:/Unreal Projects/ManagementSim/Content/TopDown/Input/IMC_Default.uasset" 190
"D:/Unreal Projects/ManagementSim/Content/TopDown/Input/IMC_Default.uexp" 191
"D:/Unreal Projects/ManagementSim/Content/Blueprints/Manager/BP_ManagerCamera.uasset" 192
"D:/Unreal Projects/ManagementSim/Content/Blueprints/Manager/BP_ManagerCamera.uexp" 193
"D:/Unreal Projects/ManagementSim/Content/Materials/HUD/M_SelectedWorker.uasset" 194
"D:/Unreal Projects/ManagementSim/Content/Materials/HUD/M_SelectedWorker.uexp" 195
"D:/Unreal Projects/ManagementSim/Content/Blueprints/Workers/EWorkerType.uasset" 196
"D:/Unreal Projects/ManagementSim/Content/Blueprints/Workers/EWorkerType.uexp" 197
"D:/Unreal Projects/ManagementSim/Content/Blueprints/Workers/FWorkerStats.uasset" 198
"D:/Unreal Projects/ManagementSim/Content/Blueprints/Workers/FWorkerStats.uexp" 199
"D:/Unreal Projects/ManagementSim/Content/Blueprints/Workers/BP_WorkerAIController.uasset" 200
"D:/Unreal Projects/ManagementSim/Content/Blueprints/Workers/BP_WorkerAIController.uexp" 201
"D:/Unreal Projects/ManagementSim/Content/Blueprints/Workers/EWorkerSpecialization.uasset" 202
"D:/Unreal Projects/ManagementSim/Content/Blueprints/Workers/EWorkerSpecialization.uexp" 203
"D:/Unreal Projects/ManagementSim/Content/Materials/Workers/M_StarterWorker1.uasset" 204
"D:/Unreal Projects/ManagementSim/Content/Materials/Workers/M_StarterWorker1.uexp" 205
"D:/Unreal Projects/ManagementSim/Content/Meshes/Worker/SM_Slime_Simplified.ubulk" 206
"D:/Unreal Projects/ManagementSim/Content/Meshes/Worker/SM_Slime_Simplified.uasset" 207
"D:/Unreal Projects/ManagementSim/Content/Meshes/Worker/SM_Slime_Simplified.uexp" 208
"D:/Unreal Projects/ManagementSim/Content/Textures/HUD/ConditionIcons/T_FruitfulIcon.ubulk" 209
"D:/Unreal Projects/ManagementSim/Content/Textures/HUD/ConditionIcons/T_FruitfulIcon.uasset" 210
"D:/Unreal Projects/ManagementSim/Content/Textures/HUD/ConditionIcons/T_FruitfulIcon.uexp" 211
"D:/Unreal Projects/ManagementSim/Content/Blueprints/WorkNode/FWorkNodeConditionUISlot.uasset" 212
"D:/Unreal Projects/ManagementSim/Content/Blueprints/WorkNode/FWorkNodeConditionUISlot.uexp" 213
"../../../Engine/Content/EditorBlueprintResources/StandardMacros.uasset" 214
"../../../Engine/Content/EditorBlueprintResources/StandardMacros.uexp" 215
"D:/Unreal Projects/ManagementSim/Content/Blueprints/WorkNode/BP_WorkNodeUI.uasset" 216
"D:/Unreal Projects/ManagementSim/Content/Blueprints/WorkNode/BP_WorkNodeUI.uexp" 217
"D:/Unreal Projects/ManagementSim/Content/Blueprints/Workers/EWorkerConditions.uasset" 218
"D:/Unreal Projects/ManagementSim/Content/Blueprints/Workers/EWorkerConditions.uexp" 219
"D:/Unreal Projects/ManagementSim/Content/Blueprints/WorkNode/BPI_WorkNodeActions.uasset" 220
"D:/Unreal Projects/ManagementSim/Content/Blueprints/WorkNode/BPI_WorkNodeActions.uexp" 221
"D:/Unreal Projects/ManagementSim/Content/Blueprints/WorkNode/WorkLocations/BPI_WorkLocationActions.uasset" 222
"D:/Unreal Projects/ManagementSim/Content/Blueprints/WorkNode/WorkLocations/BPI_WorkLocationActions.uexp" 223
"D:/Unreal Projects/ManagementSim/Content/Blueprints/Workers/BP_WorkProgressBar.uasset" 224
"D:/Unreal Projects/ManagementSim/Content/Blueprints/Workers/BP_WorkProgressBar.uexp" 225
"D:/Unreal Projects/ManagementSim/Content/Blueprints/WorkNode/FWorkNodeStats.uasset" 226
"D:/Unreal Projects/ManagementSim/Content/Blueprints/WorkNode/FWorkNodeStats.uexp" 227
"D:/Unreal Projects/ManagementSim/Content/Materials/Tools/M_Axe_Blade.uasset" 228
"D:/Unreal Projects/ManagementSim/Content/Materials/Tools/M_Axe_Blade.uexp" 229
"D:/Unreal Projects/ManagementSim/Content/Materials/Tools/M_Axe_Handle.uasset" 230
"D:/Unreal Projects/ManagementSim/Content/Materials/Tools/M_Axe_Handle.uexp" 231
"D:/Unreal Projects/ManagementSim/Content/Meshes/Tools/SM_Axe_Simplified.ubulk" 232
"D:/Unreal Projects/ManagementSim/Content/Meshes/Tools/SM_Axe_Simplified.uasset" 233
"D:/Unreal Projects/ManagementSim/Content/Meshes/Tools/SM_Axe_Simplified.uexp" 234
"D:/Unreal Projects/ManagementSim/Content/Blueprints/Manager/HUD/WorkerHUDs/BPI_WorkerHUDActions.uasset" 235
"D:/Unreal Projects/ManagementSim/Content/Blueprints/Manager/HUD/WorkerHUDs/BPI_WorkerHUDActions.uexp" 236
"D:/Unreal Projects/ManagementSim/Content/Blueprints/Workers/BP_Worker.uasset" 237
"D:/Unreal Projects/ManagementSim/Content/Blueprints/Workers/BP_Worker.uexp" 238
"D:/Unreal Projects/ManagementSim/Content/Blueprints/Manager/HUD/WorkerHUDs/BP_WorkerHUD.uasset" 239
"D:/Unreal Projects/ManagementSim/Content/Blueprints/Manager/HUD/WorkerHUDs/BP_WorkerHUD.uexp" 240
"D:/Unreal Projects/ManagementSim/Content/Materials/Workers/M_StarterWorker2.uasset" 241
"D:/Unreal Projects/ManagementSim/Content/Materials/Workers/M_StarterWorker2.uexp" 242
"D:/Unreal Projects/ManagementSim/Content/Blueprints/Workers/SpecificWorkers/BP_ProductiveWorker.uasset" 243
"D:/Unreal Projects/ManagementSim/Content/Blueprints/Workers/SpecificWorkers/BP_ProductiveWorker.uexp" 244
"D:/Unreal Projects/ManagementSim/Content/Blueprints/Manager/HUD/WorkerHUDs/BP_Worker_Hud_StarterWorker2.uasset" 245
"D:/Unreal Projects/ManagementSim/Content/Blueprints/Manager/HUD/WorkerHUDs/BP_Worker_Hud_StarterWorker2.uexp" 246
"D:/Unreal Projects/ManagementSim/Content/Blueprints/Workers/SpecificWorkers/BP_SkillfulWorker.uasset" 247
"D:/Unreal Projects/ManagementSim/Content/Blueprints/Workers/SpecificWorkers/BP_SkillfulWorker.uexp" 248
"D:/Unreal Projects/ManagementSim/Content/Blueprints/Manager/HUD/WorkerHUDs/BP_Worker_Hud_StarterWorker1.uasset" 249
"D:/Unreal Projects/ManagementSim/Content/Blueprints/Manager/HUD/WorkerHUDs/BP_Worker_Hud_StarterWorker1.uexp" 250
"D:/Unreal Projects/ManagementSim/Content/Textures/HUD/T_Wood_HUD_Icon.ubulk" 251
"D:/Unreal Projects/ManagementSim/Content/Textures/HUD/T_Wood_HUD_Icon.uasset" 252
"D:/Unreal Projects/ManagementSim/Content/Textures/HUD/T_Wood_HUD_Icon.uexp" 253
"D:/Unreal Projects/ManagementSim/Content/Blueprints/Items/Resources/EResourceType.uasset" 254
"D:/Unreal Projects/ManagementSim/Content/Blueprints/Items/Resources/EResourceType.uexp" 255
"D:/Unreal Projects/ManagementSim/Content/Blueprints/Manager/HUD/BP_ManagerHUDWidget.uasset" 256
"D:/Unreal Projects/ManagementSim/Content/Blueprints/Manager/HUD/BP_ManagerHUDWidget.uexp" 257
"D:/Unreal Projects/ManagementSim/Content/Materials/Buildings/M_ResourceShed.uasset" 258
"D:/Unreal Projects/ManagementSim/Content/Materials/Buildings/M_ResourceShed.uexp" 259
"D:/Unreal Projects/ManagementSim/Content/Blueprints/Buildings/BP_ResourceShed.uasset" 260
"D:/Unreal Projects/ManagementSim/Content/Blueprints/Buildings/BP_ResourceShed.uexp" 261
"D:/Unreal Projects/ManagementSim/Content/Blueprints/Manager/HUD/BP_ManagerHUD.uasset" 262
"D:/Unreal Projects/ManagementSim/Content/Blueprints/Manager/HUD/BP_ManagerHUD.uexp" 263
"D:/Unreal Projects/ManagementSim/Content/Blueprints/Manager/BP_ManagerController.uasset" 264
"D:/Unreal Projects/ManagementSim/Content/Blueprints/Manager/BP_ManagerController.uexp" 265
"D:/Unreal Projects/ManagementSim/Content/Blueprints/Items/EItemType.uasset" 266
"D:/Unreal Projects/ManagementSim/Content/Blueprints/Items/EItemType.uexp" 267
"D:/Unreal Projects/ManagementSim/Content/Blueprints/Items/BP_Item.uasset" 268
"D:/Unreal Projects/ManagementSim/Content/Blueprints/Items/BP_Item.uexp" 269
"D:/Unreal Projects/ManagementSim/Content/Blueprints/Items/BP_ItemLootTable.uasset" 270
"D:/Unreal Projects/ManagementSim/Content/Blueprints/Items/BP_ItemLootTable.uexp" 271
"D:/Unreal Projects/ManagementSim/Content/Blueprints/WorkNode/EWorkNodeType.uasset" 272
"D:/Unreal Projects/ManagementSim/Content/Blueprints/WorkNode/EWorkNodeType.uexp" 273
"D:/Unreal Projects/ManagementSim/Content/Blueprints/WorkNode/DamageNumbers/Curve_DamageNumberColor_Color.uasset" 274
"D:/Unreal Projects/ManagementSim/Content/Blueprints/WorkNode/DamageNumbers/Curve_DamageNumberColor_Color.uexp" 275
"D:/Unreal Projects/ManagementSim/Content/Blueprints/WorkNode/DamageNumbers/ENodeDamageType.uasset" 276
"D:/Unreal Projects/ManagementSim/Content/Blueprints/WorkNode/DamageNumbers/ENodeDamageType.uexp" 277
"D:/Unreal Projects/ManagementSim/Content/Blueprints/WorkNode/DamageNumbers/BP_DamageNumber.uasset" 278
"D:/Unreal Projects/ManagementSim/Content/Blueprints/WorkNode/DamageNumbers/BP_DamageNumber.uexp" 279
"D:/Unreal Projects/ManagementSim/Content/Blueprints/WorkNode/WorkLocations/M_AvailableDecal.uasset" 280
"D:/Unreal Projects/ManagementSim/Content/Blueprints/WorkNode/WorkLocations/M_AvailableDecal.uexp" 281
"D:/Unreal Projects/ManagementSim/Content/Blueprints/WorkNode/BP_WorkNode.uasset" 282
"D:/Unreal Projects/ManagementSim/Content/Blueprints/WorkNode/BP_WorkNode.uexp" 283
"D:/Unreal Projects/ManagementSim/Content/Materials/WorkNodes/M_DefaultResourceNode.uasset" 284
"D:/Unreal Projects/ManagementSim/Content/Materials/WorkNodes/M_DefaultResourceNode.uexp" 285
"D:/Unreal Projects/ManagementSim/Content/Materials/Items/Resources/M_WoodItemPickup.uasset" 286
"D:/Unreal Projects/ManagementSim/Content/Materials/Items/Resources/M_WoodItemPickup.uexp" 287
"D:/Unreal Projects/ManagementSim/Content/Blueprints/Items/Resources/BP_ResourceItem.uasset" 288
"D:/Unreal Projects/ManagementSim/Content/Blueprints/Items/Resources/BP_ResourceItem.uexp" 289
"D:/Unreal Projects/ManagementSim/Content/Blueprints/Items/Resources/BP_WoodResourceItem.uasset" 290
"D:/Unreal Projects/ManagementSim/Content/Blueprints/Items/Resources/BP_WoodResourceItem.uexp" 291
"D:/Unreal Projects/ManagementSim/Content/Blueprints/WorkNode/ResourceNodes/EWorkNodeResourceType.uasset" 292
"D:/Unreal Projects/ManagementSim/Content/Blueprints/WorkNode/ResourceNodes/EWorkNodeResourceType.uexp" 293
"D:/Unreal Projects/ManagementSim/Content/Blueprints/WorkNode/ResourceNodes/BP_ResourceNode.uasset" 294
"D:/Unreal Projects/ManagementSim/Content/Blueprints/WorkNode/ResourceNodes/BP_ResourceNode.uexp" 295
"D:/Unreal Projects/ManagementSim/Content/Blueprints/WorkNode/ResourceNodes/BP_WoodResourceNode.uasset" 296
"D:/Unreal Projects/ManagementSim/Content/Blueprints/WorkNode/ResourceNodes/BP_WoodResourceNode.uexp" 297
"D:/Unreal Projects/ManagementSim/Content/LevelPrototyping/Textures/T_GridChecker_A.ubulk" 298
"D:/Unreal Projects/ManagementSim/Content/LevelPrototyping/Textures/T_GridChecker_A.uasset" 299
"D:/Unreal Projects/ManagementSim/Content/LevelPrototyping/Textures/T_GridChecker_A.uexp" 300
"../../../Engine/Content/Functions/Engine_MaterialFunctions02/Utility/MakeFloat3.uasset" 301
"../../../Engine/Content/Functions/Engine_MaterialFunctions02/Utility/MakeFloat3.uexp" 302
"../../../Engine/Content/Functions/Engine_MaterialFunctions01/Gradient/LinearGradient.uasset" 303
"../../../Engine/Content/Functions/Engine_MaterialFunctions01/Gradient/LinearGradient.uexp" 304
"../../../Engine/Content/Functions/Engine_MaterialFunctions01/ImageAdjustment/CheapContrast.uasset" 305
"../../../Engine/Content/Functions/Engine_MaterialFunctions01/ImageAdjustment/CheapContrast.uexp" 306
"../../../Engine/Content/Functions/Engine_MaterialFunctions02/Utility/BreakOutFloat3Components.uasset" 307
"../../../Engine/Content/Functions/Engine_MaterialFunctions02/Utility/BreakOutFloat3Components.uexp" 308
"D:/Unreal Projects/ManagementSim/Content/LevelPrototyping/Materials/MF_ProcGrid.uasset" 309
"D:/Unreal Projects/ManagementSim/Content/LevelPrototyping/Materials/MF_ProcGrid.uexp" 310
"D:/Unreal Projects/ManagementSim/Content/LevelPrototyping/Materials/M_PrototypeGrid.uasset" 311
"D:/Unreal Projects/ManagementSim/Content/LevelPrototyping/Materials/M_PrototypeGrid.uexp" 312
"D:/Unreal Projects/ManagementSim/Content/LevelPrototyping/Materials/MI_PrototypeGrid_TopDark.uasset" 313
"D:/Unreal Projects/ManagementSim/Content/LevelPrototyping/Materials/MI_PrototypeGrid_TopDark.uexp" 314
"D:/Unreal Projects/ManagementSim/Content/LevelPrototyping/Materials/MI_PrototypeGrid_Gray.uasset" 315
"D:/Unreal Projects/ManagementSim/Content/LevelPrototyping/Materials/MI_PrototypeGrid_Gray.uexp" 316
"D:/Unreal Projects/ManagementSim/Content/LevelPrototyping/Meshes/SM_Ramp.ubulk" 317
"D:/Unreal Projects/ManagementSim/Content/LevelPrototyping/Meshes/SM_Ramp.uasset" 318
"D:/Unreal Projects/ManagementSim/Content/LevelPrototyping/Meshes/SM_Ramp.uexp" 319
"D:/Unreal Projects/ManagementSim/Content/LevelPrototyping/Meshes/SM_QuarterCylinder.ubulk" 320
"D:/Unreal Projects/ManagementSim/Content/LevelPrototyping/Meshes/SM_QuarterCylinder.uasset" 321
"D:/Unreal Projects/ManagementSim/Content/LevelPrototyping/Meshes/SM_QuarterCylinder.uexp" 322
"D:/Unreal Projects/ManagementSim/Content/LevelPrototyping/Meshes/SM_Cylinder.ubulk" 323
"D:/Unreal Projects/ManagementSim/Content/LevelPrototyping/Meshes/SM_Cylinder.uasset" 324
"D:/Unreal Projects/ManagementSim/Content/LevelPrototyping/Meshes/SM_Cylinder.uexp" 325
"D:/Unreal Projects/ManagementSim/Content/LevelPrototyping/Meshes/SM_Cube.ubulk" 326
"D:/Unreal Projects/ManagementSim/Content/LevelPrototyping/Meshes/SM_Cube.uasset" 327
"D:/Unreal Projects/ManagementSim/Content/LevelPrototyping/Meshes/SM_Cube.uexp" 328
"D:/Unreal Projects/ManagementSim/Content/LevelPrototyping/Materials/M_Solid.uasset" 329
"D:/Unreal Projects/ManagementSim/Content/LevelPrototyping/Materials/M_Solid.uexp" 330
"D:/Unreal Projects/ManagementSim/Content/LevelPrototyping/Materials/MI_Solid_Blue.uasset" 331
"D:/Unreal Projects/ManagementSim/Content/LevelPrototyping/Materials/MI_Solid_Blue.uexp" 332
"D:/Unreal Projects/ManagementSim/Content/LevelPrototyping/Meshes/SM_ChamferCube.ubulk" 333
"D:/Unreal Projects/ManagementSim/Content/LevelPrototyping/Meshes/SM_ChamferCube.uasset" 334
"D:/Unreal Projects/ManagementSim/Content/LevelPrototyping/Meshes/SM_ChamferCube.uexp" 335
"D:/Unreal Projects/ManagementSim/Content/TopDown/Maps/_GENERATED/DerekGlennon/Sphere_C231A2E6.ubulk" 336
"D:/Unreal Projects/ManagementSim/Content/TopDown/Maps/_GENERATED/DerekGlennon/Sphere_C231A2E6.uasset" 337
"D:/Unreal Projects/ManagementSim/Content/TopDown/Maps/_GENERATED/DerekGlennon/Sphere_C231A2E6.uexp" 338
"D:/Unreal Projects/ManagementSim/Content/TopDown/Maps/_GENERATED/DerekGlennon/Cylinder_076E1DC8.ubulk" 339
"D:/Unreal Projects/ManagementSim/Content/TopDown/Maps/_GENERATED/DerekGlennon/Cylinder_076E1DC8.uasset" 340
"D:/Unreal Projects/ManagementSim/Content/TopDown/Maps/_GENERATED/DerekGlennon/Cylinder_076E1DC8.uexp" 341
"../../../Engine/Content/Animation/DefaultRecorderBoneCompression.uasset" 342
"../../../Engine/Content/Animation/DefaultRecorderBoneCompression.uexp" 343
"../../../Engine/Content/Animation/DefaultAnimCurveCompressionSettings.uasset" 344
"../../../Engine/Content/Animation/DefaultAnimCurveCompressionSettings.uexp" 345
"../../../Engine/Content/Animation/DefaultAnimBoneCompressionSettings.uasset" 346
"../../../Engine/Content/Animation/DefaultAnimBoneCompressionSettings.uexp" 347
"../../../Engine/Content/EngineMaterials/DefaultMaterial.uasset" 348
"../../../Engine/Content/EngineMaterials/DefaultMaterial.uexp" 349
"../../../Engine/Content/BasicShapes/Sphere.ubulk" 350
"../../../Engine/Content/BasicShapes/Sphere.uasset" 351
"../../../Engine/Content/BasicShapes/Sphere.uexp" 352
"../../../Engine/Content/BasicShapes/Plane.ubulk" 353
"../../../Engine/Content/BasicShapes/Plane.uasset" 354
"../../../Engine/Content/BasicShapes/Plane.uexp" 355
"../../../Engine/Content/BasicShapes/Cylinder.ubulk" 356
"../../../Engine/Content/BasicShapes/Cylinder.uasset" 357
"../../../Engine/Content/BasicShapes/Cylinder.uexp" 358
"../../../Engine/Content/BasicShapes/Cone.ubulk" 359
"../../../Engine/Content/BasicShapes/Cone.uasset" 360
"../../../Engine/Content/BasicShapes/Cone.uexp" 361
"../../../Engine/Content/EditorResources/S_Terrain.ubulk" 362
"../../../Engine/Content/EditorResources/S_Terrain.uasset" 363
"../../../Engine/Content/EditorResources/S_Terrain.uexp" 364
"../../../Engine/Content/EditorResources/EmptyActor.uasset" 365
"../../../Engine/Content/EditorResources/EmptyActor.uexp" 366
"../../../Engine/Content/EditorResources/BSPVertex.uasset" 367
"../../../Engine/Content/EditorResources/BSPVertex.uexp" 368
"../../../Engine/Content/EditorResources/SequenceRecorder/RecordingIndicator.uasset" 369
"../../../Engine/Content/EditorResources/SequenceRecorder/RecordingIndicator.uexp" 370
"../../../Engine/Content/EditorResources/SequenceRecorder/Countdown.uasset" 371
"../../../Engine/Content/EditorResources/SequenceRecorder/Countdown.uexp" 372
"../../../Engine/Content/EditorLandscapeResources/DefaultAlphaTexture.uasset" 373
"../../../Engine/Content/EditorLandscapeResources/DefaultAlphaTexture.uexp" 374
"../../../Engine/Content/EditorLandscapeResources/DataLayer.uasset" 375
"../../../Engine/Content/EditorLandscapeResources/DataLayer.uexp" 376
"../../../Engine/Content/EditorMaterials/PreviewShadowIndicator.ubulk" 377
"../../../Engine/Content/EditorMaterials/PreviewShadowIndicator.uasset" 378
"../../../Engine/Content/EditorMaterials/PreviewShadowIndicator.uexp" 379
"../../../Engine/Content/EditorMaterials/PreviewShadowIndicatorMaterial.uasset" 380
"../../../Engine/Content/EditorMaterials/PreviewShadowIndicatorMaterial.uexp" 381
"../../../Engine/Content/EditorMaterials/PhAT_UnselectedMaterial.uasset" 382
"../../../Engine/Content/EditorMaterials/PhAT_UnselectedMaterial.uexp" 383
"../../../Engine/Content/EditorMaterials/PhAT_NoCollisionMaterial.uasset" 384
"../../../Engine/Content/EditorMaterials/PhAT_NoCollisionMaterial.uexp" 385
"../../../Engine/Content/Functions/Engine_MaterialFunctions02/Utility/MakeFloat4.uasset" 386
"../../../Engine/Content/Functions/Engine_MaterialFunctions02/Utility/MakeFloat4.uexp" 387
"../../../Engine/Content/EditorMaterials/WorldPartition/WorldPartitionSpatialHashGridPreviewMaterial.uasset" 388
"../../../Engine/Content/EditorMaterials/WorldPartition/WorldPartitionSpatialHashGridPreviewMaterial.uexp" 389
"../../../Engine/Content/EngineDamageTypes/DmgTypeBP_Environmental.uasset" 390
"../../../Engine/Content/EngineDamageTypes/DmgTypeBP_Environmental.uexp" 391
"../../../Engine/Content/Functions/Engine_MaterialFunctions02/Utility/CameraDirectionVector.uasset" 392
"../../../Engine/Content/Functions/Engine_MaterialFunctions02/Utility/CameraDirectionVector.uexp" 393
"../../../Engine/Content/EngineDebugMaterials/VolumeToRender.uasset" 394
"../../../Engine/Content/EngineDebugMaterials/VolumeToRender.uexp" 395
"../../../Engine/Content/EngineDebugMaterials/M_VolumeRenderSphereTracePP.uasset" 396
"../../../Engine/Content/EngineDebugMaterials/M_VolumeRenderSphereTracePP.uexp" 397
"../../../Engine/Content/EngineDebugMaterials/M_SimpleUnlitTranslucent.uasset" 398
"../../../Engine/Content/EngineDebugMaterials/M_SimpleUnlitTranslucent.uexp" 399
"../../../Engine/Content/EngineDebugMaterials/DebugMeshMaterial.uasset" 400
"../../../Engine/Content/EngineDebugMaterials/DebugMeshMaterial.uexp" 401
"../../../Engine/Content/EngineDebugMaterials/DebugEditorMaterial.uasset" 402
"../../../Engine/Content/EngineDebugMaterials/DebugEditorMaterial.uexp" 403
"../../../Engine/Content/EngineFonts/Faces/RobotoLight.uexp" 404
"../../../Engine/Content/EngineFonts/Faces/RobotoLight.uasset" 405
"../../../Engine/Content/EngineFonts/Faces/RobotoLight.ufont" 406
"../../../Engine/Content/EngineFonts/Faces/RobotoBold.uexp" 407
"../../../Engine/Content/EngineFonts/Faces/RobotoBold.uasset" 408
"../../../Engine/Content/EngineFonts/Faces/RobotoBold.ufont" 409
"../../../Engine/Content/EngineFonts/Faces/RobotoRegular.uexp" 410
"../../../Engine/Content/EngineFonts/Faces/RobotoRegular.uasset" 411
"../../../Engine/Content/EngineFonts/Faces/RobotoRegular.ufont" 412
"../../../Engine/Content/EngineFonts/Faces/DroidSansFallback.uexp" 413
"../../../Engine/Content/EngineFonts/Faces/DroidSansFallback.uasset" 414
"../../../Engine/Content/EngineFonts/Faces/DroidSansFallback.ufont" 415
"../../../Engine/Content/EngineFonts/Faces/RobotoItalic.uexp" 416
"../../../Engine/Content/EngineFonts/Faces/RobotoItalic.uasset" 417
"../../../Engine/Content/EngineFonts/Faces/RobotoItalic.ufont" 418
"../../../Engine/Content/EngineFonts/Faces/RobotoBoldItalic.uexp" 419
"../../../Engine/Content/EngineFonts/Faces/RobotoBoldItalic.uasset" 420
"../../../Engine/Content/EngineFonts/Faces/RobotoBoldItalic.ufont" 421
"../../../Engine/Content/EngineFonts/Roboto.uasset" 422
"../../../Engine/Content/EngineFonts/Roboto.uexp" 423
"../../../Engine/Content/EngineResources/WhiteSquareTexture.uasset" 424
"../../../Engine/Content/EngineResources/WhiteSquareTexture.uexp" 425
"../../../Engine/Content/EngineMaterials/Widget3DPassThrough.uasset" 426
"../../../Engine/Content/EngineMaterials/Widget3DPassThrough.uexp" 427
"../../../Engine/Content/EngineMaterials/Widget3DPassThrough_Translucent.uasset" 428
"../../../Engine/Content/EngineMaterials/Widget3DPassThrough_Translucent.uexp" 429
"../../../Engine/Content/EngineMaterials/Widget3DPassThrough_Translucent_OneSided.uasset" 430
"../../../Engine/Content/EngineMaterials/Widget3DPassThrough_Translucent_OneSided.uexp" 431
"../../../Engine/Content/EngineMaterials/Widget3DPassThrough_Opaque.uasset" 432
"../../../Engine/Content/EngineMaterials/Widget3DPassThrough_Opaque.uexp" 433
"../../../Engine/Content/EngineMaterials/Widget3DPassThrough_Opaque_OneSided.uasset" 434
"../../../Engine/Content/EngineMaterials/Widget3DPassThrough_Opaque_OneSided.uexp" 435
"../../../Engine/Content/EngineMaterials/Widget3DPassThrough_Masked_OneSided.uasset" 436
"../../../Engine/Content/EngineMaterials/Widget3DPassThrough_Masked_OneSided.uexp" 437
"../../../Engine/Content/EngineMaterials/Widget3DPassThrough_Masked.uasset" 438
"../../../Engine/Content/EngineMaterials/Widget3DPassThrough_Masked.uexp" 439
"../../../Engine/Content/EngineMaterials/STBlueNoise_vec2_128x128x64.uasset" 440
"../../../Engine/Content/EngineMaterials/STBlueNoise_vec2_128x128x64.uexp" 441
"../../../Engine/Content/EngineMaterials/STBlueNoise_scalar_128x128x64.uasset" 442
"../../../Engine/Content/EngineMaterials/STBlueNoise_scalar_128x128x64.uexp" 443
"../../../Engine/Content/EngineMaterials/RemoveSurfaceMaterial.uasset" 444
"../../../Engine/Content/EngineMaterials/RemoveSurfaceMaterial.uexp" 445
"../../../Engine/Content/EngineMaterials/DefaultCalibrationGrayscale.uasset" 446
"../../../Engine/Content/EngineMaterials/DefaultCalibrationGrayscale.uexp" 447
"../../../Engine/Content/EngineMaterials/PPM_DefaultCalibrationGrayscale.uasset" 448
"../../../Engine/Content/EngineMaterials/PPM_DefaultCalibrationGrayscale.uexp" 449
"../../../Engine/Content/EngineMaterials/DefaultCalibrationColor.uasset" 450
"../../../Engine/Content/EngineMaterials/DefaultCalibrationColor.uexp" 451
"../../../Engine/Content/EngineMaterials/PPM_DefaultCalibrationColor.uasset" 452
"../../../Engine/Content/EngineMaterials/PPM_DefaultCalibrationColor.uexp" 453
"../../../Engine/Content/Functions/Engine_MaterialFunctions02/WorldPositionOffset/CameraOffset.uasset" 454
"../../../Engine/Content/Functions/Engine_MaterialFunctions02/WorldPositionOffset/CameraOffset.uexp" 455
"../../../Engine/Content/EngineMaterials/PhAT_JointLimitMaterial.uasset" 456
"../../../Engine/Content/EngineMaterials/PhAT_JointLimitMaterial.uexp" 457
"../../../Engine/Content/EngineMaterials/InvalidLightmapSettings.ubulk" 458
"../../../Engine/Content/EngineMaterials/InvalidLightmapSettings.uasset" 459
"../../../Engine/Content/EngineMaterials/InvalidLightmapSettings.uexp" 460
"../../../Engine/Content/EngineMaterials/M_InvalidLightmapSettings.uasset" 461
"../../../Engine/Content/EngineMaterials/M_InvalidLightmapSettings.uexp" 462
"../../../Engine/Content/EngineMaterials/GizmoMaterial.uasset" 463
"../../../Engine/Content/EngineMaterials/GizmoMaterial.uexp" 464
"../../../Engine/Content/EngineMaterials/BaseFlattenEmissiveMap_VT.uasset" 465
"../../../Engine/Content/EngineMaterials/BaseFlattenEmissiveMap_VT.uexp" 466
"../../../Engine/Content/EngineMaterials/BaseFlattenGrayscaleMap_VT.uasset" 467
"../../../Engine/Content/EngineMaterials/BaseFlattenGrayscaleMap_VT.uexp" 468
"../../../Engine/Content/EngineMaterials/BaseFlattenLinearColor_VT.uasset" 469
"../../../Engine/Content/EngineMaterials/BaseFlattenLinearColor_VT.uexp" 470
"../../../Engine/Content/EngineMaterials/Black_1x1_EXR_Texture_VT.uasset" 471
"../../../Engine/Content/EngineMaterials/Black_1x1_EXR_Texture_VT.uexp" 472
"../../../Engine/Content/EngineMaterials/BaseFlattenDiffuseMap_VT.uasset" 473
"../../../Engine/Content/EngineMaterials/BaseFlattenDiffuseMap_VT.uexp" 474
"../../../Engine/Content/EngineMaterials/BaseFlattenNormalMap_VT.uasset" 475
"../../../Engine/Content/EngineMaterials/BaseFlattenNormalMap_VT.uexp" 476
"../../../Engine/Content/EngineMaterials/FlattenMaterial_WS_Normal_VT.uasset" 477
"../../../Engine/Content/EngineMaterials/FlattenMaterial_WS_Normal_VT.uexp" 478
"../../../Engine/Content/EngineMaterials/FlattenMaterial_VT.uasset" 479
"../../../Engine/Content/EngineMaterials/FlattenMaterial_VT.uexp" 480
"../../../Engine/Content/EngineMaterials/BaseFlattenNormalMap.uasset" 481
"../../../Engine/Content/EngineMaterials/BaseFlattenNormalMap.uexp" 482
"../../../Engine/Content/EngineMaterials/BaseFlattenGrayscaleMap.uasset" 483
"../../../Engine/Content/EngineMaterials/BaseFlattenGrayscaleMap.uexp" 484
"../../../Engine/Content/EngineMaterials/BaseFlattenDiffuseMap.uasset" 485
"../../../Engine/Content/EngineMaterials/BaseFlattenDiffuseMap.uexp" 486
"../../../Engine/Content/Functions/Engine_MaterialFunctions02/PivotPainter2/Black_1x1_EXR_Texture.uasset" 487
"../../../Engine/Content/Functions/Engine_MaterialFunctions02/PivotPainter2/Black_1x1_EXR_Texture.uexp" 488
"../../../Engine/Content/EngineMaterials/BaseFlattenEmissiveMap.uasset" 489
"../../../Engine/Content/EngineMaterials/BaseFlattenEmissiveMap.uexp" 490
"../../../Engine/Content/EngineMaterials/BaseFlattenLinearColor.uasset" 491
"../../../Engine/Content/EngineMaterials/BaseFlattenLinearColor.uexp" 492
"../../../Engine/Content/EngineMaterials/FlattenMaterial.uasset" 493
"../../../Engine/Content/EngineMaterials/FlattenMaterial.uexp" 494
"../../../Engine/Content/EngineMaterials/DefaultWhiteGrid_Low.uasset" 495
"../../../Engine/Content/EngineMaterials/DefaultWhiteGrid_Low.uexp" 496
"../../../Engine/Content/EngineMaterials/EmissiveMeshMaterial.uasset" 497
"../../../Engine/Content/EngineMaterials/EmissiveMeshMaterial.uexp" 498
"../../../Engine/Content/EngineFonts/RobotoDistanceField.uasset" 499
"../../../Engine/Content/EngineFonts/RobotoDistanceField.uexp" 500
"../../../Engine/Content/EngineMaterials/DefaultTextMaterialOpaque.uasset" 501
"../../../Engine/Content/EngineMaterials/DefaultTextMaterialOpaque.uexp" 502
"../../../Engine/Content/EngineMaterials/DefaultDiffuse.ubulk" 503
"../../../Engine/Content/EngineMaterials/DefaultDiffuse.uasset" 504
"../../../Engine/Content/EngineMaterials/DefaultDiffuse.uexp" 505
"../../../Engine/Content/EngineMaterials/DefaultPostProcessMaterial.uasset" 506
"../../../Engine/Content/EngineMaterials/DefaultPostProcessMaterial.uexp" 507
"../../../Engine/Content/EngineMaterials/DefaultPhysicalMaterial.uasset" 508
"../../../Engine/Content/EngineMaterials/DefaultPhysicalMaterial.uexp" 509
"../../../Engine/Content/EngineMaterials/DefaultLightFunctionMaterial.uasset" 510
"../../../Engine/Content/EngineMaterials/DefaultLightFunctionMaterial.uexp" 511
"../../../Engine/Content/EngineMaterials/DefaultDestructiblePhysicalMaterial.uasset" 512
"../../../Engine/Content/EngineMaterials/DefaultDestructiblePhysicalMaterial.uexp" 513
"../../../Engine/Content/EngineMaterials/DefaultDeferredDecalMaterial.uasset" 514
"../../../Engine/Content/EngineMaterials/DefaultDeferredDecalMaterial.uexp" 515
"../../../Engine/Content/EngineMaterials/DefaultBloomKernel.uasset" 516
"../../../Engine/Content/EngineMaterials/DefaultBloomKernel.uexp" 517
"../../../Engine/Plugins/Runtime/MeshModelingToolset/Content/Materials/M_DynamicMeshComponentVtxColor.uasset" 518
"../../../Engine/Plugins/Runtime/MeshModelingToolset/Content/Materials/M_DynamicMeshComponentVtxColor.uexp" 519
"../../../Engine/Content/EngineResources/FilmGrains/Marcie_Grain_v3_128_M2_000.uasset" 520
"../../../Engine/Content/EngineResources/FilmGrains/Marcie_Grain_v3_128_M2_000.uexp" 521
"../../../Engine/Content/EngineSky/T_Sky_Stars.ubulk" 522
"../../../Engine/Content/EngineSky/T_Sky_Stars.uasset" 523
"../../../Engine/Content/EngineSky/T_Sky_Stars.uexp" 524
"../../../Engine/Content/EngineSky/T_Sky_Clouds_M.ubulk" 525
"../../../Engine/Content/EngineSky/T_Sky_Clouds_M.uasset" 526
"../../../Engine/Content/EngineSky/T_Sky_Clouds_M.uexp" 527
"../../../Engine/Content/EngineSky/T_Sky_Blue.ubulk" 528
"../../../Engine/Content/EngineSky/T_Sky_Blue.uasset" 529
"../../../Engine/Content/EngineSky/T_Sky_Blue.uexp" 530
"../../../Engine/Content/EngineSky/M_Sky_Panning_Clouds2.uasset" 531
"../../../Engine/Content/EngineSky/M_Sky_Panning_Clouds2.uexp" 532
"../../../Engine/Content/EngineSky/SM_SkySphere.ubulk" 533
"../../../Engine/Content/EngineSky/SM_SkySphere.uasset" 534
"../../../Engine/Content/EngineSky/SM_SkySphere.uexp" 535
"../../../Engine/Content/EngineSky/M_SimpleSkyDome.uasset" 536
"../../../Engine/Content/EngineSky/M_SimpleSkyDome.uexp" 537
"../../../Engine/Content/EngineSky/VolumetricClouds/CloudWeatherTexture.uasset" 538
"../../../Engine/Content/EngineSky/VolumetricClouds/CloudWeatherTexture.uexp" 539
"../../../Engine/Content/Functions/Engine_MaterialFunctions02/Utility/MakeFloat2.uasset" 540
"../../../Engine/Content/Functions/Engine_MaterialFunctions02/Utility/MakeFloat2.uexp" 541
"../../../Engine/Content/EngineSky/VolumetricClouds/CloudGradientTexture.uasset" 542
"../../../Engine/Content/EngineSky/VolumetricClouds/CloudGradientTexture.uexp" 543
"../../../Engine/Content/EngineSky/VolumetricClouds/T_NoiseShape64.ubulk" 544
"../../../Engine/Content/EngineSky/VolumetricClouds/T_NoiseShape64.uasset" 545
"../../../Engine/Content/EngineSky/VolumetricClouds/T_NoiseShape64.uexp" 546
"../../../Engine/Content/EngineSky/VolumetricClouds/T_VolumeNoiseShape64.uasset" 547
"../../../Engine/Content/EngineSky/VolumetricClouds/T_VolumeNoiseShape64.uexp" 548
"../../../Engine/Content/EngineSky/VolumetricClouds/T_NoiseErosion.ubulk" 549
"../../../Engine/Content/EngineSky/VolumetricClouds/T_NoiseErosion.uasset" 550
"../../../Engine/Content/EngineSky/VolumetricClouds/T_NoiseErosion.uexp" 551
"../../../Engine/Content/EngineSky/VolumetricClouds/T_VolumeNoiseErosion32.uasset" 552
"../../../Engine/Content/EngineSky/VolumetricClouds/T_VolumeNoiseErosion32.uexp" 553
"../../../Engine/Content/EngineSky/VolumetricClouds/m_SimpleVolumetricCloud.uasset" 554
"../../../Engine/Content/EngineSky/VolumetricClouds/m_SimpleVolumetricCloud.uexp" 555
"../../../Engine/Content/EngineSky/VolumetricClouds/m_SimpleVolumetricCloud_Inst.uasset" 556
"../../../Engine/Content/EngineSky/VolumetricClouds/m_SimpleVolumetricCloud_Inst.uexp" 557
"../../../Engine/Content/EngineSounds/Master.uasset" 558
"../../../Engine/Content/EngineSounds/Master.uexp" 559
"../../../Engine/Content/Functions/Engine_MaterialFunctions01/Shading/PowerToRoughness.uasset" 560
"../../../Engine/Content/Functions/Engine_MaterialFunctions01/Shading/PowerToRoughness.uexp" 561
"../../../Engine/Content/Maps/Templates/HLODs/HLODLayer_Merged.uasset" 562
"../../../Engine/Content/Maps/Templates/HLODs/HLODLayer_Merged.uexp" 563
"../../../Engine/Plugins/2D/Paper2D/Content/PlaceholderTextures/DummySpriteTexture.ubulk" 564
"../../../Engine/Plugins/2D/Paper2D/Content/PlaceholderTextures/DummySpriteTexture.uasset" 565
"../../../Engine/Plugins/2D/Paper2D/Content/PlaceholderTextures/DummySpriteTexture.uexp" 566
"../../../Engine/Plugins/2D/Paper2D/Content/DefaultSpriteMaterial.uasset" 567
"../../../Engine/Plugins/2D/Paper2D/Content/DefaultSpriteMaterial.uexp" 568
"../../../Engine/Plugins/2D/Paper2D/Content/OpaqueUnlitSpriteMaterial.uasset" 569
"../../../Engine/Plugins/2D/Paper2D/Content/OpaqueUnlitSpriteMaterial.uexp" 570
"../../../Engine/Plugins/2D/Paper2D/Content/MaskedUnlitSpriteMaterial.uasset" 571
"../../../Engine/Plugins/2D/Paper2D/Content/MaskedUnlitSpriteMaterial.uexp" 572
"../../../Engine/Plugins/2D/Paper2D/Content/DummySprite.uasset" 573
"../../../Engine/Plugins/2D/Paper2D/Content/DummySprite.uexp" 574
"../../../Engine/Plugins/2D/Paper2D/Content/DefaultPaperTerrainMaterial.uasset" 575
"../../../Engine/Plugins/2D/Paper2D/Content/DefaultPaperTerrainMaterial.uexp" 576
"../../../Engine/Plugins/Animation/ControlRig/Content/M_Manip.uasset" 577
"../../../Engine/Plugins/Animation/ControlRig/Content/M_Manip.uexp" 578
"../../../Engine/Plugins/Animation/ControlRig/Content/Controls/DefaultGizmoLibraryNormalized.uasset" 579
"../../../Engine/Plugins/Animation/ControlRig/Content/Controls/DefaultGizmoLibraryNormalized.uexp" 580
"../../../Engine/Plugins/Animation/ControlRig/Content/Controls/ControlRig_Wedge_solid.ubulk" 581
"../../../Engine/Plugins/Animation/ControlRig/Content/Controls/ControlRig_Wedge_solid.uasset" 582
"../../../Engine/Plugins/Animation/ControlRig/Content/Controls/ControlRig_Wedge_solid.uexp" 583
"../../../Engine/Plugins/Animation/ControlRig/Content/Controls/ControlRig_Wedge_3mm.ubulk" 584
"../../../Engine/Plugins/Animation/ControlRig/Content/Controls/ControlRig_Wedge_3mm.uasset" 585
"../../../Engine/Plugins/Animation/ControlRig/Content/Controls/ControlRig_Wedge_3mm.uexp" 586
"../../../Engine/Plugins/Animation/ControlRig/Content/Controls/ControlRig_Wedge_1mm.ubulk" 587
"../../../Engine/Plugins/Animation/ControlRig/Content/Controls/ControlRig_Wedge_1mm.uasset" 588
"../../../Engine/Plugins/Animation/ControlRig/Content/Controls/ControlRig_Wedge_1mm.uexp" 589
"../../../Engine/Plugins/Animation/ControlRig/Content/Controls/ControlRig_Triangle_solid.ubulk" 590
"../../../Engine/Plugins/Animation/ControlRig/Content/Controls/ControlRig_Triangle_solid.uasset" 591
"../../../Engine/Plugins/Animation/ControlRig/Content/Controls/ControlRig_Triangle_solid.uexp" 592
"../../../Engine/Plugins/Animation/ControlRig/Content/Controls/ControlRig_Triangle_3mm.ubulk" 593
"../../../Engine/Plugins/Animation/ControlRig/Content/Controls/ControlRig_Triangle_3mm.uasset" 594
"../../../Engine/Plugins/Animation/ControlRig/Content/Controls/ControlRig_Triangle_3mm.uexp" 595
"../../../Engine/Plugins/Animation/ControlRig/Content/Controls/ControlRig_Triangle_1mm.ubulk" 596
"../../../Engine/Plugins/Animation/ControlRig/Content/Controls/ControlRig_Triangle_1mm.uasset" 597
"../../../Engine/Plugins/Animation/ControlRig/Content/Controls/ControlRig_Triangle_1mm.uexp" 598
"../../../Engine/Plugins/Animation/ControlRig/Content/Controls/ControlRig_Star4_solid.ubulk" 599
"../../../Engine/Plugins/Animation/ControlRig/Content/Controls/ControlRig_Star4_solid.uasset" 600
"../../../Engine/Plugins/Animation/ControlRig/Content/Controls/ControlRig_Star4_solid.uexp" 601
"../../../Engine/Plugins/Animation/ControlRig/Content/Controls/ControlRig_Star4_3mm.ubulk" 602
"../../../Engine/Plugins/Animation/ControlRig/Content/Controls/ControlRig_Star4_3mm.uasset" 603
"../../../Engine/Plugins/Animation/ControlRig/Content/Controls/ControlRig_Star4_3mm.uexp" 604
"../../../Engine/Plugins/Animation/ControlRig/Content/Controls/ControlRig_Star4_1mm.ubulk" 605
"../../../Engine/Plugins/Animation/ControlRig/Content/Controls/ControlRig_Star4_1mm.uasset" 606
"../../../Engine/Plugins/Animation/ControlRig/Content/Controls/ControlRig_Star4_1mm.uexp" 607
"../../../Engine/Plugins/Animation/ControlRig/Content/Controls/ControlRig_Square_solid.ubulk" 608
"../../../Engine/Plugins/Animation/ControlRig/Content/Controls/ControlRig_Square_solid.uasset" 609
"../../../Engine/Plugins/Animation/ControlRig/Content/Controls/ControlRig_Square_solid.uexp" 610
"../../../Engine/Plugins/Animation/ControlRig/Content/Controls/ControlRig_Square_3mm.ubulk" 611
"../../../Engine/Plugins/Animation/ControlRig/Content/Controls/ControlRig_Square_3mm.uasset" 612
"../../../Engine/Plugins/Animation/ControlRig/Content/Controls/ControlRig_Square_3mm.uexp" 613
"../../../Engine/Plugins/Animation/ControlRig/Content/Controls/ControlRig_Square_1mm.ubulk" 614
"../../../Engine/Plugins/Animation/ControlRig/Content/Controls/ControlRig_Square_1mm.uasset" 615
"../../../Engine/Plugins/Animation/ControlRig/Content/Controls/ControlRig_Square_1mm.uexp" 616
"../../../Engine/Plugins/Animation/ControlRig/Content/Controls/ControlRig_Sphere_solid.ubulk" 617
"../../../Engine/Plugins/Animation/ControlRig/Content/Controls/ControlRig_Sphere_solid.uasset" 618
"../../../Engine/Plugins/Animation/ControlRig/Content/Controls/ControlRig_Sphere_solid.uexp" 619
"../../../Engine/Plugins/Animation/ControlRig/Content/Controls/ControlRig_Sphere_3mm.ubulk" 620
"../../../Engine/Plugins/Animation/ControlRig/Content/Controls/ControlRig_Sphere_3mm.uasset" 621
"../../../Engine/Plugins/Animation/ControlRig/Content/Controls/ControlRig_Sphere_3mm.uexp" 622
"../../../Engine/Plugins/Animation/ControlRig/Content/Controls/ControlRig_Sphere_1mm.ubulk" 623
"../../../Engine/Plugins/Animation/ControlRig/Content/Controls/ControlRig_Sphere_1mm.uasset" 624
"../../../Engine/Plugins/Animation/ControlRig/Content/Controls/ControlRig_Sphere_1mm.uexp" 625
"../../../Engine/Plugins/Animation/ControlRig/Content/Controls/ControlRig_RoundedTriangle_solid.ubulk" 626
"../../../Engine/Plugins/Animation/ControlRig/Content/Controls/ControlRig_RoundedTriangle_solid.uasset" 627
"../../../Engine/Plugins/Animation/ControlRig/Content/Controls/ControlRig_RoundedTriangle_solid.uexp" 628
"../../../Engine/Plugins/Animation/ControlRig/Content/Controls/ControlRig_RoundedTriangle_3mm.ubulk" 629
"../../../Engine/Plugins/Animation/ControlRig/Content/Controls/ControlRig_RoundedTriangle_3mm.uasset" 630
"../../../Engine/Plugins/Animation/ControlRig/Content/Controls/ControlRig_RoundedTriangle_3mm.uexp" 631
"../../../Engine/Plugins/Animation/ControlRig/Content/Controls/ControlRig_RoundedTriangle_1mm.ubulk" 632
"../../../Engine/Plugins/Animation/ControlRig/Content/Controls/ControlRig_RoundedTriangle_1mm.uasset" 633
"../../../Engine/Plugins/Animation/ControlRig/Content/Controls/ControlRig_RoundedTriangle_1mm.uexp" 634
"../../../Engine/Plugins/Animation/ControlRig/Content/Controls/ControlRig_RoundedSquare_solid.ubulk" 635
"../../../Engine/Plugins/Animation/ControlRig/Content/Controls/ControlRig_RoundedSquare_solid.uasset" 636
"../../../Engine/Plugins/Animation/ControlRig/Content/Controls/ControlRig_RoundedSquare_solid.uexp" 637
"../../../Engine/Plugins/Animation/ControlRig/Content/Controls/ControlRig_RoundedSquare_3mm.ubulk" 638
"../../../Engine/Plugins/Animation/ControlRig/Content/Controls/ControlRig_RoundedSquare_3mm.uasset" 639
"../../../Engine/Plugins/Animation/ControlRig/Content/Controls/ControlRig_RoundedSquare_3mm.uexp" 640
"../../../Engine/Plugins/Animation/ControlRig/Content/Controls/ControlRig_RoundedSquare_1mm.ubulk" 641
"../../../Engine/Plugins/Animation/ControlRig/Content/Controls/ControlRig_RoundedSquare_1mm.uasset" 642
"../../../Engine/Plugins/Animation/ControlRig/Content/Controls/ControlRig_RoundedSquare_1mm.uexp" 643
"../../../Engine/Plugins/Animation/ControlRig/Content/Controls/ControlRig_QuarterCircle_solid.ubulk" 644
"../../../Engine/Plugins/Animation/ControlRig/Content/Controls/ControlRig_QuarterCircle_solid.uasset" 645
"../../../Engine/Plugins/Animation/ControlRig/Content/Controls/ControlRig_QuarterCircle_solid.uexp" 646
"../../../Engine/Plugins/Animation/ControlRig/Content/Controls/ControlRig_QuarterCircle_3mm.ubulk" 647
"../../../Engine/Plugins/Animation/ControlRig/Content/Controls/ControlRig_QuarterCircle_3mm.uasset" 648
"../../../Engine/Plugins/Animation/ControlRig/Content/Controls/ControlRig_QuarterCircle_3mm.uexp" 649
"../../../Engine/Plugins/Animation/ControlRig/Content/Controls/ControlRig_QuarterCircle_1mm.ubulk" 650
"../../../Engine/Plugins/Animation/ControlRig/Content/Controls/ControlRig_QuarterCircle_1mm.uasset" 651
"../../../Engine/Plugins/Animation/ControlRig/Content/Controls/ControlRig_QuarterCircle_1mm.uexp" 652
"../../../Engine/Plugins/Animation/ControlRig/Content/Controls/ControlRig_Pyramid_solid.ubulk" 653
"../../../Engine/Plugins/Animation/ControlRig/Content/Controls/ControlRig_Pyramid_solid.uasset" 654
"../../../Engine/Plugins/Animation/ControlRig/Content/Controls/ControlRig_Pyramid_solid.uexp" 655
"../../../Engine/Plugins/Animation/ControlRig/Content/Controls/ControlRig_Pyramid_3mm.ubulk" 656
"../../../Engine/Plugins/Animation/ControlRig/Content/Controls/ControlRig_Pyramid_3mm.uasset" 657
"../../../Engine/Plugins/Animation/ControlRig/Content/Controls/ControlRig_Pyramid_3mm.uexp" 658
"../../../Engine/Plugins/Animation/ControlRig/Content/Controls/ControlRig_Pyramid_1mm.ubulk" 659
"../../../Engine/Plugins/Animation/ControlRig/Content/Controls/ControlRig_Pyramid_1mm.uasset" 660
"../../../Engine/Plugins/Animation/ControlRig/Content/Controls/ControlRig_Pyramid_1mm.uexp" 661
"../../../Engine/Plugins/Animation/ControlRig/Content/Controls/ControlRig_Octagon_solid.ubulk" 662
"../../../Engine/Plugins/Animation/ControlRig/Content/Controls/ControlRig_Octagon_solid.uasset" 663
"../../../Engine/Plugins/Animation/ControlRig/Content/Controls/ControlRig_Octagon_solid.uexp" 664
"../../../Engine/Plugins/Animation/ControlRig/Content/Controls/ControlRig_Octagon_3mm.ubulk" 665
"../../../Engine/Plugins/Animation/ControlRig/Content/Controls/ControlRig_Octagon_3mm.uasset" 666
"../../../Engine/Plugins/Animation/ControlRig/Content/Controls/ControlRig_Octagon_3mm.uexp" 667
"../../../Engine/Plugins/Animation/ControlRig/Content/Controls/ControlRig_Octagon_1mm.ubulk" 668
"../../../Engine/Plugins/Animation/ControlRig/Content/Controls/ControlRig_Octagon_1mm.uasset" 669
"../../../Engine/Plugins/Animation/ControlRig/Content/Controls/ControlRig_Octagon_1mm.uexp" 670
"../../../Engine/Plugins/Animation/ControlRig/Content/Controls/ControlRig_Hexagon_solid.ubulk" 671
"../../../Engine/Plugins/Animation/ControlRig/Content/Controls/ControlRig_Hexagon_solid.uasset" 672
"../../../Engine/Plugins/Animation/ControlRig/Content/Controls/ControlRig_Hexagon_solid.uexp" 673
"../../../Engine/Plugins/Animation/ControlRig/Content/Controls/ControlRig_Hexagon_3mm.ubulk" 674
"../../../Engine/Plugins/Animation/ControlRig/Content/Controls/ControlRig_Hexagon_3mm.uasset" 675
"../../../Engine/Plugins/Animation/ControlRig/Content/Controls/ControlRig_Hexagon_3mm.uexp" 676
"../../../Engine/Plugins/Animation/ControlRig/Content/Controls/ControlRig_Hexagon_1mm.ubulk" 677
"../../../Engine/Plugins/Animation/ControlRig/Content/Controls/ControlRig_Hexagon_1mm.uasset" 678
"../../../Engine/Plugins/Animation/ControlRig/Content/Controls/ControlRig_Hexagon_1mm.uexp" 679
"../../../Engine/Plugins/Animation/ControlRig/Content/Controls/ControlRig_HalfCircle_solid.ubulk" 680
"../../../Engine/Plugins/Animation/ControlRig/Content/Controls/ControlRig_HalfCircle_solid.uasset" 681
"../../../Engine/Plugins/Animation/ControlRig/Content/Controls/ControlRig_HalfCircle_solid.uexp" 682
"../../../Engine/Plugins/Animation/ControlRig/Content/Controls/ControlRig_HalfCircle_3mm.ubulk" 683
"../../../Engine/Plugins/Animation/ControlRig/Content/Controls/ControlRig_HalfCircle_3mm.uasset" 684
"../../../Engine/Plugins/Animation/ControlRig/Content/Controls/ControlRig_HalfCircle_3mm.uexp" 685
"../../../Engine/Plugins/Animation/ControlRig/Content/Controls/ControlRig_HalfCircle_1mm.ubulk" 686
"../../../Engine/Plugins/Animation/ControlRig/Content/Controls/ControlRig_HalfCircle_1mm.uasset" 687
"../../../Engine/Plugins/Animation/ControlRig/Content/Controls/ControlRig_HalfCircle_1mm.uexp" 688
"../../../Engine/Plugins/Animation/ControlRig/Content/Controls/ControlRig_Diamond_solid.ubulk" 689
"../../../Engine/Plugins/Animation/ControlRig/Content/Controls/ControlRig_Diamond_solid.uasset" 690
"../../../Engine/Plugins/Animation/ControlRig/Content/Controls/ControlRig_Diamond_solid.uexp" 691
"../../../Engine/Plugins/Animation/ControlRig/Content/Controls/ControlRig_Diamond_3mm.ubulk" 692
"../../../Engine/Plugins/Animation/ControlRig/Content/Controls/ControlRig_Diamond_3mm.uasset" 693
"../../../Engine/Plugins/Animation/ControlRig/Content/Controls/ControlRig_Diamond_3mm.uexp" 694
"../../../Engine/Plugins/Animation/ControlRig/Content/Controls/ControlRig_Diamond_1mm.ubulk" 695
"../../../Engine/Plugins/Animation/ControlRig/Content/Controls/ControlRig_Diamond_1mm.uasset" 696
"../../../Engine/Plugins/Animation/ControlRig/Content/Controls/ControlRig_Diamond_1mm.uexp" 697
"../../../Engine/Plugins/Animation/ControlRig/Content/Controls/ControlRig_Circle_solid.ubulk" 698
"../../../Engine/Plugins/Animation/ControlRig/Content/Controls/ControlRig_Circle_solid.uasset" 699
"../../../Engine/Plugins/Animation/ControlRig/Content/Controls/ControlRig_Circle_solid.uexp" 700
"../../../Engine/Plugins/Animation/ControlRig/Content/Controls/ControlRig_Circle_3mm.ubulk" 701
"../../../Engine/Plugins/Animation/ControlRig/Content/Controls/ControlRig_Circle_3mm.uasset" 702
"../../../Engine/Plugins/Animation/ControlRig/Content/Controls/ControlRig_Circle_3mm.uexp" 703
"../../../Engine/Plugins/Animation/ControlRig/Content/Controls/ControlRig_Circle_1mm.ubulk" 704
"../../../Engine/Plugins/Animation/ControlRig/Content/Controls/ControlRig_Circle_1mm.uasset" 705
"../../../Engine/Plugins/Animation/ControlRig/Content/Controls/ControlRig_Circle_1mm.uexp" 706
"../../../Engine/Plugins/Animation/ControlRig/Content/Controls/ControlRig_Box_solid.ubulk" 707
"../../../Engine/Plugins/Animation/ControlRig/Content/Controls/ControlRig_Box_solid.uasset" 708
"../../../Engine/Plugins/Animation/ControlRig/Content/Controls/ControlRig_Box_solid.uexp" 709
"../../../Engine/Plugins/Animation/ControlRig/Content/Controls/ControlRig_Box_3mm.ubulk" 710
"../../../Engine/Plugins/Animation/ControlRig/Content/Controls/ControlRig_Box_3mm.uasset" 711
"../../../Engine/Plugins/Animation/ControlRig/Content/Controls/ControlRig_Box_3mm.uexp" 712
"../../../Engine/Plugins/Animation/ControlRig/Content/Controls/ControlRig_Box_1mm.ubulk" 713
"../../../Engine/Plugins/Animation/ControlRig/Content/Controls/ControlRig_Box_1mm.uasset" 714
"../../../Engine/Plugins/Animation/ControlRig/Content/Controls/ControlRig_Box_1mm.uexp" 715
"../../../Engine/Plugins/Animation/ControlRig/Content/Controls/ControlRig_Arrow_solid.ubulk" 716
"../../../Engine/Plugins/Animation/ControlRig/Content/Controls/ControlRig_Arrow_solid.uasset" 717
"../../../Engine/Plugins/Animation/ControlRig/Content/Controls/ControlRig_Arrow_solid.uexp" 718
"../../../Engine/Plugins/Animation/ControlRig/Content/Controls/ControlRig_Arrow_3mm.ubulk" 719
"../../../Engine/Plugins/Animation/ControlRig/Content/Controls/ControlRig_Arrow_3mm.uasset" 720
"../../../Engine/Plugins/Animation/ControlRig/Content/Controls/ControlRig_Arrow_3mm.uexp" 721
"../../../Engine/Plugins/Animation/ControlRig/Content/Controls/ControlRig_Arrow_1mm.ubulk" 722
"../../../Engine/Plugins/Animation/ControlRig/Content/Controls/ControlRig_Arrow_1mm.uasset" 723
"../../../Engine/Plugins/Animation/ControlRig/Content/Controls/ControlRig_Arrow_1mm.uexp" 724
"../../../Engine/Plugins/Animation/ControlRig/Content/Controls/ControlRig_Arrow4_solid.ubulk" 725
"../../../Engine/Plugins/Animation/ControlRig/Content/Controls/ControlRig_Arrow4_solid.uasset" 726
"../../../Engine/Plugins/Animation/ControlRig/Content/Controls/ControlRig_Arrow4_solid.uexp" 727
"../../../Engine/Plugins/Animation/ControlRig/Content/Controls/ControlRig_Arrow4_3mm.ubulk" 728
"../../../Engine/Plugins/Animation/ControlRig/Content/Controls/ControlRig_Arrow4_3mm.uasset" 729
"../../../Engine/Plugins/Animation/ControlRig/Content/Controls/ControlRig_Arrow4_3mm.uexp" 730
"../../../Engine/Plugins/Animation/ControlRig/Content/Controls/ControlRig_Arrow4_1mm.ubulk" 731
"../../../Engine/Plugins/Animation/ControlRig/Content/Controls/ControlRig_Arrow4_1mm.uasset" 732
"../../../Engine/Plugins/Animation/ControlRig/Content/Controls/ControlRig_Arrow4_1mm.uexp" 733
"../../../Engine/Plugins/Animation/ControlRig/Content/Controls/ControlRig_Arrow2_solid.ubulk" 734
"../../../Engine/Plugins/Animation/ControlRig/Content/Controls/ControlRig_Arrow2_solid.uasset" 735
"../../../Engine/Plugins/Animation/ControlRig/Content/Controls/ControlRig_Arrow2_solid.uexp" 736
"../../../Engine/Plugins/Animation/ControlRig/Content/Controls/ControlRig_Arrow2_3mm.ubulk" 737
"../../../Engine/Plugins/Animation/ControlRig/Content/Controls/ControlRig_Arrow2_3mm.uasset" 738
"../../../Engine/Plugins/Animation/ControlRig/Content/Controls/ControlRig_Arrow2_3mm.uexp" 739
"../../../Engine/Plugins/Animation/ControlRig/Content/Controls/ControlRig_Arrow2_1mm.ubulk" 740
"../../../Engine/Plugins/Animation/ControlRig/Content/Controls/ControlRig_Arrow2_1mm.uasset" 741
"../../../Engine/Plugins/Animation/ControlRig/Content/Controls/ControlRig_Arrow2_1mm.uexp" 742
"../../../Engine/Plugins/Animation/ControlRig/Content/Controls/ControlRigXRayMaterial.uasset" 743
"../../../Engine/Plugins/Animation/ControlRig/Content/Controls/ControlRigXRayMaterial.uexp" 744
"../../../Engine/Plugins/Animation/ControlRig/Content/Controls/ControlRigGizmoMaterial.uasset" 745
"../../../Engine/Plugins/Animation/ControlRig/Content/Controls/ControlRigGizmoMaterial.uexp" 746
"../../../Engine/Plugins/Editor/SpeedTreeImporter/Content/SpeedTree9/game_wind_noise.ubulk" 747
"../../../Engine/Plugins/Editor/SpeedTreeImporter/Content/SpeedTree9/game_wind_noise.uasset" 748
"../../../Engine/Plugins/Editor/SpeedTreeImporter/Content/SpeedTree9/game_wind_noise.uexp" 749
"../../../Engine/Plugins/Editor/SpeedTreeImporter/Content/SpeedTree9/UnpackDirection.uasset" 750
"../../../Engine/Plugins/Editor/SpeedTreeImporter/Content/SpeedTree9/UnpackDirection.uexp" 751
"../../../Engine/Content/Functions/Engine_MaterialFunctions02/ObjectLocalBounds.uasset" 752
"../../../Engine/Content/Functions/Engine_MaterialFunctions02/ObjectLocalBounds.uexp" 753
"../../../Engine/Content/Functions/Engine_MaterialFunctions02/UVs/BoundingBoxBased_0-1_UVW.uasset" 754
"../../../Engine/Content/Functions/Engine_MaterialFunctions02/UVs/BoundingBoxBased_0-1_UVW.uexp" 755
"../../../Engine/Content/Functions/Engine_MaterialFunctions02/Utility/VectorLength.uasset" 756
"../../../Engine/Content/Functions/Engine_MaterialFunctions02/Utility/VectorLength.uexp" 757
"../../../Engine/Plugins/Editor/SpeedTreeImporter/Content/SpeedTree9/UnpackInteger3.uasset" 758
"../../../Engine/Plugins/Editor/SpeedTreeImporter/Content/SpeedTree9/UnpackInteger3.uexp" 759
"../../../Engine/Plugins/Editor/SpeedTreeImporter/Content/SpeedTree9/SpeedTreeCameraFacing.uasset" 760
"../../../Engine/Plugins/Editor/SpeedTreeImporter/Content/SpeedTree9/SpeedTreeCameraFacing.uexp" 761
"../../../Engine/Content/Functions/Engine_MaterialFunctions02/WorldPositionOffset/ObjectScale.uasset" 762
"../../../Engine/Content/Functions/Engine_MaterialFunctions02/WorldPositionOffset/ObjectScale.uexp" 763
"../../../Engine/Content/Functions/Engine_MaterialFunctions02/SafeNormalize.uasset" 764
"../../../Engine/Content/Functions/Engine_MaterialFunctions02/SafeNormalize.uexp" 765
"../../../Engine/Plugins/Editor/SpeedTreeImporter/Content/SpeedTree9/SpeedTreeWindMotion.uasset" 766
"../../../Engine/Plugins/Editor/SpeedTreeImporter/Content/SpeedTree9/SpeedTreeWindMotion.uexp" 767
"../../../Engine/Plugins/Editor/SpeedTreeImporter/Content/SpeedTree9/SpeedTreeBranchMotion.uasset" 768
"../../../Engine/Plugins/Editor/SpeedTreeImporter/Content/SpeedTree9/SpeedTreeBranchMotion.uexp" 769
"../../../Engine/Plugins/Editor/SpeedTreeImporter/Content/SpeedTree9/SpeedTreeWind.uasset" 770
"../../../Engine/Plugins/Editor/SpeedTreeImporter/Content/SpeedTree9/SpeedTreeWind.uexp" 771
"../../../Engine/Plugins/Editor/SpeedTreeImporter/Content/SpeedTree9/EmptyNormal.uasset" 772
"../../../Engine/Plugins/Editor/SpeedTreeImporter/Content/SpeedTree9/EmptyNormal.uexp" 773
"../../../Engine/Plugins/Editor/SpeedTreeImporter/Content/SpeedTree9/Empty.uasset" 774
"../../../Engine/Plugins/Editor/SpeedTreeImporter/Content/SpeedTree9/Empty.uexp" 775
"../../../Engine/Plugins/Editor/SpeedTreeImporter/Content/SpeedTree9/SpeedTreeMaster.uasset" 776
"../../../Engine/Plugins/Editor/SpeedTreeImporter/Content/SpeedTree9/SpeedTreeMaster.uexp" 777
"../../../Engine/Plugins/Editor/SpeedTreeImporter/Content/SpeedTree9/SpeedTreeBillboard.uasset" 778
"../../../Engine/Plugins/Editor/SpeedTreeImporter/Content/SpeedTree9/SpeedTreeBillboard.uexp" 779
"../../../Engine/Plugins/Editor/SpeedTreeImporter/Content/SpeedTree9/SpeedTreeBillboardMaster.uasset" 780
"../../../Engine/Plugins/Editor/SpeedTreeImporter/Content/SpeedTree9/SpeedTreeBillboardMaster.uexp" 781
"../../../Engine/Content/Functions/Engine_MaterialFunctions02/Texturing/CustomRotator.uasset" 782
"../../../Engine/Content/Functions/Engine_MaterialFunctions02/Texturing/CustomRotator.uexp" 783
"../../../Engine/Content/Functions/Engine_MaterialFunctions02/Texturing/ScreenAlignedPixelToPixelUVs.uasset" 784
"../../../Engine/Content/Functions/Engine_MaterialFunctions02/Texturing/ScreenAlignedPixelToPixelUVs.uexp" 785
"../../../Engine/Plugins/Interchange/Runtime/Content/Utilities/T_Bayer64_Grayscale_64px.uasset" 786
"../../../Engine/Plugins/Interchange/Runtime/Content/Utilities/T_Bayer64_Grayscale_64px.uexp" 787
"../../../Engine/Plugins/Interchange/Runtime/Content/gltf/MaterialFunctions/MF_Temporal_Blur.uasset" 788
"../../../Engine/Plugins/Interchange/Runtime/Content/gltf/MaterialFunctions/MF_Temporal_Blur.uexp" 789
"../../../Engine/Plugins/Interchange/Runtime/Content/gltf/MaterialFunctions/MF_Fresnel_DS.uasset" 790
"../../../Engine/Plugins/Interchange/Runtime/Content/gltf/MaterialFunctions/MF_Fresnel_DS.uexp" 791
"../../../Engine/Plugins/Interchange/Runtime/Content/Functions/MX_Transmission.uasset" 792
"../../../Engine/Plugins/Interchange/Runtime/Content/Functions/MX_Transmission.uexp" 793
"../../../Engine/Plugins/Interchange/Runtime/Content/Functions/MF_OrenNayerView.uasset" 794
"../../../Engine/Plugins/Interchange/Runtime/Content/Functions/MF_OrenNayerView.uexp" 795
"../../../Engine/Plugins/Interchange/Runtime/Content/Functions/MF_SchlickApprox.uasset" 796
"../../../Engine/Plugins/Interchange/Runtime/Content/Functions/MF_SchlickApprox.uexp" 797
"../../../Engine/Plugins/Interchange/Runtime/Content/Utilities/New_LUT.uasset" 798
"../../../Engine/Plugins/Interchange/Runtime/Content/Utilities/New_LUT.uexp" 799
"../../../Engine/Content/Functions/Engine_MaterialFunctions03/Math/RemapValueRange.uasset" 800
"../../../Engine/Content/Functions/Engine_MaterialFunctions03/Math/RemapValueRange.uexp" 801
"../../../Engine/Plugins/Interchange/Runtime/Content/Functions/MF_Iridescence.uasset" 802
"../../../Engine/Plugins/Interchange/Runtime/Content/Functions/MF_Iridescence.uexp" 803
"../../../Engine/Plugins/Interchange/Runtime/Content/Functions/MX_StandardSurface.uasset" 804
"../../../Engine/Plugins/Interchange/Runtime/Content/Functions/MX_StandardSurface.uexp" 805
"../../../Engine/Plugins/Interchange/Runtime/Content/Functions/MX_TransmissionSurface.uasset" 806
"../../../Engine/Plugins/Interchange/Runtime/Content/Functions/MX_TransmissionSurface.uexp" 807
"../../../Engine/Content/Functions/Engine_MaterialFunctions02/Math/AddComponents.uasset" 808
"../../../Engine/Content/Functions/Engine_MaterialFunctions02/Math/AddComponents.uexp" 809
"../../../Engine/Content/Functions/Engine_MaterialFunctions02/WorldPositionOffset/V2/ObjectScale.uasset" 810
"../../../Engine/Content/Functions/Engine_MaterialFunctions02/WorldPositionOffset/V2/ObjectScale.uexp" 811
"../../../Engine/Plugins/Interchange/Runtime/Content/gltf/MaterialFunctions/MF_TransmissionOpacity.uasset" 812
"../../../Engine/Plugins/Interchange/Runtime/Content/gltf/MaterialFunctions/MF_TransmissionOpacity.uexp" 813
"../../../Engine/Plugins/Interchange/Runtime/Content/gltf/MaterialFunctions/MF_RotateV2.uasset" 814
"../../../Engine/Plugins/Interchange/Runtime/Content/gltf/MaterialFunctions/MF_RotateV2.uexp" 815
"../../../Engine/Plugins/Interchange/Runtime/Content/gltf/MaterialFunctions/MF_TransformUVs.uasset" 816
"../../../Engine/Plugins/Interchange/Runtime/Content/gltf/MaterialFunctions/MF_TransformUVs.uexp" 817
"../../../Engine/Plugins/Interchange/Runtime/Content/gltf/Textures/T_White_srgb.uasset" 818
"../../../Engine/Plugins/Interchange/Runtime/Content/gltf/Textures/T_White_srgb.uexp" 819
"../../../Engine/Plugins/Interchange/Runtime/Content/gltf/MaterialFunctions/MF_BaseColor.uasset" 820
"../../../Engine/Plugins/Interchange/Runtime/Content/gltf/MaterialFunctions/MF_BaseColor.uexp" 821
"../../../Engine/Plugins/Interchange/Runtime/Content/gltf/MaterialFunctions/MF_DiffuseSpecGloss.uasset" 822
"../../../Engine/Plugins/Interchange/Runtime/Content/gltf/MaterialFunctions/MF_DiffuseSpecGloss.uexp" 823
"../../../Engine/Plugins/Interchange/Runtime/Content/gltf/Textures/T_White_Linear.uasset" 824
"../../../Engine/Plugins/Interchange/Runtime/Content/gltf/Textures/T_White_Linear.uexp" 825
"../../../Engine/Plugins/Interchange/Runtime/Content/gltf/MaterialFunctions/MF_MetallicRoughness.uasset" 826
"../../../Engine/Plugins/Interchange/Runtime/Content/gltf/MaterialFunctions/MF_MetallicRoughness.uexp" 827
"../../../Engine/Plugins/Interchange/Runtime/Content/gltf/MaterialFunctions/MF_Transmission.uasset" 828
"../../../Engine/Plugins/Interchange/Runtime/Content/gltf/MaterialFunctions/MF_Transmission.uexp" 829
"../../../Engine/Plugins/Interchange/Runtime/Content/gltf/MaterialFunctions/MF_Occlusion.uasset" 830
"../../../Engine/Plugins/Interchange/Runtime/Content/gltf/MaterialFunctions/MF_Occlusion.uexp" 831
"../../../Engine/Plugins/Interchange/Runtime/Content/gltf/MaterialFunctions/MF_Specular.uasset" 832
"../../../Engine/Plugins/Interchange/Runtime/Content/gltf/MaterialFunctions/MF_Specular.uexp" 833
"../../../Engine/Plugins/Interchange/Runtime/Content/gltf/MaterialFunctions/MF_IOR.uasset" 834
"../../../Engine/Plugins/Interchange/Runtime/Content/gltf/MaterialFunctions/MF_IOR.uexp" 835
"../../../Engine/Content/Functions/Engine_MaterialFunctions01/Texturing/FlattenNormal.uasset" 836
"../../../Engine/Content/Functions/Engine_MaterialFunctions01/Texturing/FlattenNormal.uexp" 837
"../../../Engine/Content/Functions/Engine_MaterialFunctions02/Math/Transform3x3Matrix.uasset" 838
"../../../Engine/Content/Functions/Engine_MaterialFunctions02/Math/Transform3x3Matrix.uexp" 839
"../../../Engine/Plugins/Interchange/Runtime/Content/gltf/MaterialFunctions/MF_RotateNormals_TS.uasset" 840
"../../../Engine/Plugins/Interchange/Runtime/Content/gltf/MaterialFunctions/MF_RotateNormals_TS.uexp" 841
"../../../Engine/Plugins/Interchange/Runtime/Content/gltf/Textures/T_Generic_N.uasset" 842
"../../../Engine/Plugins/Interchange/Runtime/Content/gltf/Textures/T_Generic_N.uexp" 843
"../../../Engine/Plugins/Interchange/Runtime/Content/gltf/MaterialFunctions/MF_Normals.uasset" 844
"../../../Engine/Plugins/Interchange/Runtime/Content/gltf/MaterialFunctions/MF_Normals.uexp" 845
"../../../Engine/Plugins/Interchange/Runtime/Content/gltf/MaterialFunctions/MF_PerceivedBrightness.uasset" 846
"../../../Engine/Plugins/Interchange/Runtime/Content/gltf/MaterialFunctions/MF_PerceivedBrightness.uexp" 847
"../../../Engine/Plugins/Interchange/Runtime/Content/gltf/MaterialFunctions/MF_SpecGlossToMetalRoughness.uasset" 848
"../../../Engine/Plugins/Interchange/Runtime/Content/gltf/MaterialFunctions/MF_SpecGlossToMetalRoughness.uexp" 849
"../../../Engine/Plugins/Interchange/Runtime/Content/gltf/M_Transmission.uasset" 850
"../../../Engine/Plugins/Interchange/Runtime/Content/gltf/M_Transmission.uexp" 851
"../../../Engine/Plugins/Interchange/Runtime/Content/gltf/MaterialInstances_MR/MI_Transmission_TS.uasset" 852
"../../../Engine/Plugins/Interchange/Runtime/Content/gltf/MaterialInstances_MR/MI_Transmission_TS.uexp" 853
"../../../Engine/Plugins/Interchange/Runtime/Content/gltf/MaterialInstances_MR/MI_Transmission.uasset" 854
"../../../Engine/Plugins/Interchange/Runtime/Content/gltf/MaterialInstances_MR/MI_Transmission.uexp" 855
"../../../Engine/Plugins/Interchange/Runtime/Content/gltf/MaterialFunctions/MF_Clearcoat.uasset" 856
"../../../Engine/Plugins/Interchange/Runtime/Content/gltf/MaterialFunctions/MF_Clearcoat.uexp" 857
"../../../Engine/Plugins/Interchange/Runtime/Content/gltf/MaterialFunctions/MF_Emissive.uasset" 858
"../../../Engine/Plugins/Interchange/Runtime/Content/gltf/MaterialFunctions/MF_Emissive.uexp" 859
"../../../Engine/Plugins/Interchange/Runtime/Content/gltf/M_Translucent.uasset" 860
"../../../Engine/Plugins/Interchange/Runtime/Content/gltf/M_Translucent.uexp" 861
"../../../Engine/Plugins/Interchange/Runtime/Content/gltf/MaterialInstances_MR/MI_Translucent_TS.uasset" 862
"../../../Engine/Plugins/Interchange/Runtime/Content/gltf/MaterialInstances_MR/MI_Translucent_TS.uexp" 863
"../../../Engine/Plugins/Interchange/Runtime/Content/gltf/MaterialInstances_MR/MI_Translucent_ClearCoat_TS.uasset" 864
"../../../Engine/Plugins/Interchange/Runtime/Content/gltf/MaterialInstances_MR/MI_Translucent_ClearCoat_TS.uexp" 865
"../../../Engine/Plugins/Interchange/Runtime/Content/gltf/MaterialInstances_MR/MI_Translucent_ClearCoat.uasset" 866
"../../../Engine/Plugins/Interchange/Runtime/Content/gltf/MaterialInstances_MR/MI_Translucent_ClearCoat.uexp" 867
"../../../Engine/Plugins/Interchange/Runtime/Content/gltf/MaterialInstances_MR/MI_Translucent.uasset" 868
"../../../Engine/Plugins/Interchange/Runtime/Content/gltf/MaterialInstances_MR/MI_Translucent.uexp" 869
"../../../Engine/Plugins/Interchange/Runtime/Content/gltf/M_Unlit.uasset" 870
"../../../Engine/Plugins/Interchange/Runtime/Content/gltf/M_Unlit.uexp" 871
"../../../Engine/Plugins/Interchange/Runtime/Content/gltf/MaterialInstances_MR/MI_Opaque_Unlit_TS.uasset" 872
"../../../Engine/Plugins/Interchange/Runtime/Content/gltf/MaterialInstances_MR/MI_Opaque_Unlit_TS.uexp" 873
"../../../Engine/Plugins/Interchange/Runtime/Content/gltf/MaterialInstances_MR/MI_Opaque_Unlit.uasset" 874
"../../../Engine/Plugins/Interchange/Runtime/Content/gltf/MaterialInstances_MR/MI_Opaque_Unlit.uexp" 875
"../../../Engine/Plugins/Interchange/Runtime/Content/gltf/M_Opaque.uasset" 876
"../../../Engine/Plugins/Interchange/Runtime/Content/gltf/M_Opaque.uexp" 877
"../../../Engine/Plugins/Interchange/Runtime/Content/gltf/MaterialInstances_MR/MI_Opaque_TS.uasset" 878
"../../../Engine/Plugins/Interchange/Runtime/Content/gltf/MaterialInstances_MR/MI_Opaque_TS.uexp" 879
"../../../Engine/Plugins/Interchange/Runtime/Content/gltf/MaterialFunctions/MF_Sheen.uasset" 880
"../../../Engine/Plugins/Interchange/Runtime/Content/gltf/MaterialFunctions/MF_Sheen.uexp" 881
"../../../Engine/Content/Functions/Engine_MaterialFunctions01/Shading/FuzzyShading.uasset" 882
"../../../Engine/Content/Functions/Engine_MaterialFunctions01/Shading/FuzzyShading.uexp" 883
"../../../Engine/Plugins/Interchange/Runtime/Content/gltf/M_Sheen.uasset" 884
"../../../Engine/Plugins/Interchange/Runtime/Content/gltf/M_Sheen.uexp" 885
"../../../Engine/Plugins/Interchange/Runtime/Content/gltf/MaterialInstances_MR/MI_Opaque_Sheen_TS.uasset" 886
"../../../Engine/Plugins/Interchange/Runtime/Content/gltf/MaterialInstances_MR/MI_Opaque_Sheen_TS.uexp" 887
"../../../Engine/Plugins/Interchange/Runtime/Content/gltf/MaterialInstances_MR/MI_Opaque_Sheen.uasset" 888
"../../../Engine/Plugins/Interchange/Runtime/Content/gltf/MaterialInstances_MR/MI_Opaque_Sheen.uexp" 889
"../../../Engine/Plugins/Interchange/Runtime/Content/gltf/MaterialInstances_MR/MI_Opaque_ClearCoat_TS.uasset" 890
"../../../Engine/Plugins/Interchange/Runtime/Content/gltf/MaterialInstances_MR/MI_Opaque_ClearCoat_TS.uexp" 891
"../../../Engine/Plugins/Interchange/Runtime/Content/gltf/MaterialInstances_MR/MI_Opaque_ClearCoat.uasset" 892
"../../../Engine/Plugins/Interchange/Runtime/Content/gltf/MaterialInstances_MR/MI_Opaque_ClearCoat.uexp" 893
"../../../Engine/Plugins/Interchange/Runtime/Content/gltf/MaterialInstances_MR/MI_Opaque.uasset" 894
"../../../Engine/Plugins/Interchange/Runtime/Content/gltf/MaterialInstances_MR/MI_Opaque.uexp" 895
"../../../Engine/Plugins/Interchange/Runtime/Content/gltf/MaterialInstances_SG/MI_Transmission_TS.uasset" 896
"../../../Engine/Plugins/Interchange/Runtime/Content/gltf/MaterialInstances_SG/MI_Transmission_TS.uexp" 897
"../../../Engine/Plugins/Interchange/Runtime/Content/gltf/MaterialInstances_SG/MI_Transmission.uasset" 898
"../../../Engine/Plugins/Interchange/Runtime/Content/gltf/MaterialInstances_SG/MI_Transmission.uexp" 899
"../../../Engine/Plugins/Interchange/Runtime/Content/gltf/MaterialInstances_SG/MI_Translucent_TS.uasset" 900
"../../../Engine/Plugins/Interchange/Runtime/Content/gltf/MaterialInstances_SG/MI_Translucent_TS.uexp" 901
"../../../Engine/Plugins/Interchange/Runtime/Content/gltf/MaterialInstances_SG/MI_Translucent_ClearCoat_TS.uasset" 902
"../../../Engine/Plugins/Interchange/Runtime/Content/gltf/MaterialInstances_SG/MI_Translucent_ClearCoat_TS.uexp" 903
"../../../Engine/Plugins/Interchange/Runtime/Content/gltf/MaterialInstances_SG/MI_Translucent_ClearCoat.uasset" 904
"../../../Engine/Plugins/Interchange/Runtime/Content/gltf/MaterialInstances_SG/MI_Translucent_ClearCoat.uexp" 905
"../../../Engine/Plugins/Interchange/Runtime/Content/gltf/MaterialInstances_SG/MI_Translucent.uasset" 906
"../../../Engine/Plugins/Interchange/Runtime/Content/gltf/MaterialInstances_SG/MI_Translucent.uexp" 907
"../../../Engine/Plugins/Interchange/Runtime/Content/gltf/MaterialInstances_SG/MI_Opaque_TS.uasset" 908
"../../../Engine/Plugins/Interchange/Runtime/Content/gltf/MaterialInstances_SG/MI_Opaque_TS.uexp" 909
"../../../Engine/Plugins/Interchange/Runtime/Content/gltf/MaterialInstances_SG/MI_Opaque_Sheen_TS.uasset" 910
"../../../Engine/Plugins/Interchange/Runtime/Content/gltf/MaterialInstances_SG/MI_Opaque_Sheen_TS.uexp" 911
"../../../Engine/Plugins/Interchange/Runtime/Content/gltf/MaterialInstances_SG/MI_Opaque_Sheen.uasset" 912
"../../../Engine/Plugins/Interchange/Runtime/Content/gltf/MaterialInstances_SG/MI_Opaque_Sheen.uexp" 913
"../../../Engine/Plugins/Interchange/Runtime/Content/gltf/MaterialInstances_SG/MI_Opaque_ClearCoat_TS.uasset" 914
"../../../Engine/Plugins/Interchange/Runtime/Content/gltf/MaterialInstances_SG/MI_Opaque_ClearCoat_TS.uexp" 915
"../../../Engine/Plugins/Interchange/Runtime/Content/gltf/MaterialInstances_SG/MI_Opaque_ClearCoat.uasset" 916
"../../../Engine/Plugins/Interchange/Runtime/Content/gltf/MaterialInstances_SG/MI_Opaque_ClearCoat.uexp" 917
"../../../Engine/Plugins/Interchange/Runtime/Content/gltf/MaterialInstances_SG/MI_Opaque.uasset" 918
"../../../Engine/Plugins/Interchange/Runtime/Content/gltf/MaterialInstances_SG/MI_Opaque.uexp" 919
"../../../Engine/Plugins/Interchange/Runtime/Content/gltf/Textures/T_Gray_Linear.uasset" 920
"../../../Engine/Plugins/Interchange/Runtime/Content/gltf/Textures/T_Gray_Linear.uexp" 921
"../../../Engine/Plugins/Interchange/Runtime/Content/gltf/Textures/T_Black_srgb.uasset" 922
"../../../Engine/Plugins/Interchange/Runtime/Content/gltf/Textures/T_Black_srgb.uexp" 923
"../../../Engine/Plugins/Interchange/Runtime/Content/Materials/UnlitMaterial.uasset" 924
"../../../Engine/Plugins/Interchange/Runtime/Content/Materials/UnlitMaterial.uexp" 925
"../../../Engine/Content/EngineMaterials/DefaultNormal.ubulk" 926
"../../../Engine/Content/EngineMaterials/DefaultNormal.uasset" 927
"../../../Engine/Content/EngineMaterials/DefaultNormal.uexp" 928
"../../../Engine/Plugins/Interchange/Runtime/Content/Materials/MapOrScalarFunction.uasset" 929
"../../../Engine/Plugins/Interchange/Runtime/Content/Materials/MapOrScalarFunction.uexp" 930
"../../../Engine/Plugins/Interchange/Runtime/Content/Materials/MapOrLinearColorFunction.uasset" 931
"../../../Engine/Plugins/Interchange/Runtime/Content/Materials/MapOrLinearColorFunction.uexp" 932
"../../../Engine/Plugins/Interchange/Runtime/Content/Materials/MapOrColorFunction.uasset" 933
"../../../Engine/Plugins/Interchange/Runtime/Content/Materials/MapOrColorFunction.uexp" 934
"../../../Engine/Plugins/Interchange/Runtime/Content/Materials/CommonMaterial.uasset" 935
"../../../Engine/Plugins/Interchange/Runtime/Content/Materials/CommonMaterial.uexp" 936
"../../../Engine/Plugins/Interchange/Runtime/Content/Materials/PBRSurfaceFunction.uasset" 937
"../../../Engine/Plugins/Interchange/Runtime/Content/Materials/PBRSurfaceFunction.uexp" 938
"../../../Engine/Plugins/Interchange/Runtime/Content/Materials/ThinTranslucentMaterial.uasset" 939
"../../../Engine/Plugins/Interchange/Runtime/Content/Materials/ThinTranslucentMaterial.uexp" 940
"../../../Engine/Plugins/Interchange/Runtime/Content/Materials/SubsurfaceMaterial.uasset" 941
"../../../Engine/Plugins/Interchange/Runtime/Content/Materials/SubsurfaceMaterial.uexp" 942
"../../../Engine/Plugins/Interchange/Runtime/Content/Materials/SheenMaterial.uasset" 943
"../../../Engine/Plugins/Interchange/Runtime/Content/Materials/SheenMaterial.uexp" 944
"../../../Engine/Content/Functions/Engine_MaterialFunctions01/Shading/ConvertFromDiffSpec.uasset" 945
"../../../Engine/Content/Functions/Engine_MaterialFunctions01/Shading/ConvertFromDiffSpec.uexp" 946
"../../../Engine/Plugins/Interchange/Runtime/Content/Materials/PhongSurfaceMaterial.uasset" 947
"../../../Engine/Plugins/Interchange/Runtime/Content/Materials/PhongSurfaceMaterial.uexp" 948
"../../../Engine/Plugins/Interchange/Runtime/Content/Materials/PBRSurfaceMaterial.uasset" 949
"../../../Engine/Plugins/Interchange/Runtime/Content/Materials/PBRSurfaceMaterial.uexp" 950
"../../../Engine/Content/EngineMaterials/FlatNormal.uasset" 951
"../../../Engine/Content/EngineMaterials/FlatNormal.uexp" 952
"../../../Engine/Content/EditorLandscapeResources/WhiteSquareTexture.uasset" 953
"../../../Engine/Content/EditorLandscapeResources/WhiteSquareTexture.uexp" 954
"../../../Engine/Plugins/Interchange/Runtime/Content/Materials/OrenNayerMaterial.uasset" 955
"../../../Engine/Plugins/Interchange/Runtime/Content/Materials/OrenNayerMaterial.uexp" 956
"../../../Engine/Plugins/Interchange/Runtime/Content/Materials/LambertSurfaceMaterial.uasset" 957
"../../../Engine/Plugins/Interchange/Runtime/Content/Materials/LambertSurfaceMaterial.uexp" 958
"../../../Engine/Plugins/Interchange/Runtime/Content/Materials/ClearCoatMaterial.uasset" 959
"../../../Engine/Plugins/Interchange/Runtime/Content/Materials/ClearCoatMaterial.uexp" 960
"../../../Engine/Plugins/Interchange/Runtime/Content/Pipelines/DefaultTexturePipeline.uasset" 961
"../../../Engine/Plugins/Interchange/Runtime/Content/Pipelines/DefaultTexturePipeline.uexp" 962
"../../../Engine/Plugins/Interchange/Runtime/Content/Pipelines/DefaultSceneLevelPipeline.uasset" 963
"../../../Engine/Plugins/Interchange/Runtime/Content/Pipelines/DefaultSceneLevelPipeline.uexp" 964
"../../../Engine/Plugins/Interchange/Runtime/Content/Pipelines/DefaultSceneAssetsPipeline.uasset" 965
"../../../Engine/Plugins/Interchange/Runtime/Content/Pipelines/DefaultSceneAssetsPipeline.uexp" 966
"../../../Engine/Plugins/Interchange/Runtime/Content/Pipelines/DefaultMaterialPipeline.uasset" 967
"../../../Engine/Plugins/Interchange/Runtime/Content/Pipelines/DefaultMaterialPipeline.uexp" 968
"../../../Engine/Plugins/Interchange/Runtime/Content/Pipelines/DefaultAssetsPipeline.uasset" 969
"../../../Engine/Plugins/Interchange/Runtime/Content/Pipelines/DefaultAssetsPipeline.uexp" 970
"D:/Unreal Projects/ManagementSim/Content/Blueprints/GameModes/BP_ManagementSim.uasset" 971
"D:/Unreal Projects/ManagementSim/Content/Blueprints/GameModes/BP_ManagementSim.uexp" 972
"../../../Engine/Content/Maps/Templates/HLODs/HLODLayer_Instanced.uasset" 973
"../../../Engine/Content/Maps/Templates/HLODs/HLODLayer_Instanced.uexp" 974
"D:/Unreal Projects/ManagementSim/Content/TopDown/Maps/TopDownMap.uexp" 975
"D:/Unreal Projects/ManagementSim/Content/TopDown/Maps/TopDownMap.umap" 976
"../../../Engine/Content/Maps/Entry_BuiltData.uasset" 977
"../../../Engine/Content/Maps/Entry_BuiltData.uexp" 978
"../../../Engine/Content/Maps/Entry.uexp" 979
"../../../Engine/Content/Maps/Entry.umap" 980
